#
# There is insufficient memory for the Java Runtime Environment to continue.
# Native memory allocation (mmap) failed to map 114294784 bytes for Failed to commit area from 0x0000000096800000 to 0x000000009d500000 of length 114294784.
# Possible reasons:
#   The system is out of physical RAM or swap space
#   The process is running with CompressedOops enabled, and the Java Heap may be blocking the growth of the native heap
# Possible solutions:
#   Reduce memory load on the system
#   Increase physical memory or swap space
#   Check if swap backing store is full
#   Decrease Java heap size (-Xmx/-Xms)
#   Decrease number of Java threads
#   Decrease Java thread stack sizes (-Xss)
#   Set larger code cache with -XX:ReservedCodeCacheSize=
#   JVM is running with Unscaled Compressed Oops mode in which the Java heap is
#     placed in the first 4GB address space. The Java Heap base address is the
#     maximum limit for the native heap growth. Please use -XX:HeapBaseMinAddress
#     to set the Java Heap base and to place the Java Heap above 4GB virtual address.
# This output file may be truncated or incomplete.
#
#  Out of Memory Error (./src/hotspot/os/windows/os_windows.cpp:3301), pid=6444, tid=7204
#
# JRE version: OpenJDK Runtime Environment (11.0.10) (build 11.0.10+0-b96-7249189)
# Java VM: OpenJDK 64-Bit Server VM (11.0.10+0-b96-7249189, mixed mode, tiered, compressed oops, g1 gc, windows-amd64)
# No core dump will be written. Minidumps are not enabled by default on client versions of Windows
#

---------------  S U M M A R Y ------------

Command Line: --add-opens=java.base/java.util=ALL-UNNAMED --add-opens=java.base/java.lang=ALL-UNNAMED --add-opens=java.base/java.lang.invoke=ALL-UNNAMED --add-opens=java.base/java.util=ALL-UNNAMED --add-opens=java.prefs/java.util.prefs=ALL-UNNAMED --add-opens=java.prefs/java.util.prefs=ALL-UNNAMED --add-opens=java.base/java.nio.charset=ALL-UNNAMED --add-opens=java.base/java.net=ALL-UNNAMED --add-opens=java.base/java.util.concurrent.atomic=ALL-UNNAMED -Xmx2048m -Dfile.encoding=UTF-8 -Duser.country=US -Duser.language=en -Duser.variant org.gradle.launcher.daemon.bootstrap.GradleDaemon 7.0.2

Host: Intel(R) Pentium(R) CPU        P6200  @ 2.13GHz, 2 cores, 7G,  Windows 10 , 64 bit Build 22000 (10.0.22000.434)
Time: Thu Jun  2 16:49:50 2022 SE Asia Standard Time elapsed time: 1131.411381 seconds (0d 0h 18m 51s)

---------------  T H R E A D  ---------------

Current thread (0x0000020f3dfa4800):  VMThread "VM Thread" [stack: 0x000000f0b7a00000,0x000000f0b7b00000] [id=7204]

Stack: [0x000000f0b7a00000,0x000000f0b7b00000]
[error occurred during error reporting (printing stack bounds), id 0xc0000005, EXCEPTION_ACCESS_VIOLATION (0xc0000005) at pc=0x0000020f28200f3d]

Native frames: (J=compiled Java code, j=interpreted, Vv=VM code, C=native code)
V  [jvm.dll+0x5ecfaa]
V  [jvm.dll+0x722bd5]
V  [jvm.dll+0x72412d]
V  [jvm.dll+0x724745]
V  [jvm.dll+0x7246fb]
V  [jvm.dll+0x5ec348]
V  [jvm.dll+0x5ecad8]
C  [ntdll.dll+0xa86ef]
C  [ntdll.dll+0x35aea]
C  [ntdll.dll+0xa76fe]
C  0x0000020f28200f3d

VM_Operation (0x000000f0b9ef8fb0): G1CollectForAllocation, mode: safepoint, requested by thread 0x0000020f44d30800


---------------  P R O C E S S  ---------------

Threads class SMR info:
_java_thread_list=0x0000020f4723ed10, length=45, elements={
0x0000020f24712800, 0x0000020f3dfa8800, 0x0000020f3dfad000, 0x0000020f3e842800,
0x0000020f3dfc8000, 0x0000020f3dfc9000, 0x0000020f3dfc9800, 0x0000020f3dfd0800,
0x0000020f3dfdd000, 0x0000020f3e96d000, 0x0000020f40315800, 0x0000020f3f9e7800,
0x0000020f402e9800, 0x0000020f40873800, 0x0000020f40872000, 0x0000020f4086e800,
0x0000020f40870800, 0x0000020f40874800, 0x0000020f4093d800, 0x0000020f4093c800,
0x0000020f40943000, 0x0000020f4093e800, 0x0000020f40947800, 0x0000020f4093f000,
0x0000020f40944000, 0x0000020f40940000, 0x0000020f4093b000, 0x0000020f40942800,
0x0000020f40945000, 0x0000020f40945800, 0x0000020f40949000, 0x0000020f44d31000,
0x0000020f44d2e800, 0x0000020f44d33000, 0x0000020f44d2f800, 0x0000020f44d32000,
0x0000020f44d30800, 0x0000020f44d2d000, 0x0000020f44d2e000, 0x0000020f40873000,
0x0000020f4086e000, 0x0000020f4086f800, 0x0000020f40871000, 0x0000020f4780f800,
0x0000020f4780e000
}

Java Threads: ( => current thread )
  0x0000020f24712800 JavaThread "main" [_thread_blocked, id=7544, stack(0x000000f0b7400000,0x000000f0b7500000)]
  0x0000020f3dfa8800 JavaThread "Reference Handler" daemon [_thread_blocked, id=8152, stack(0x000000f0b7b00000,0x000000f0b7c00000)]
  0x0000020f3dfad000 JavaThread "Finalizer" daemon [_thread_blocked, id=7728, stack(0x000000f0b7c00000,0x000000f0b7d00000)]
  0x0000020f3e842800 JavaThread "Signal Dispatcher" daemon [_thread_blocked, id=7416, stack(0x000000f0b7d00000,0x000000f0b7e00000)]
  0x0000020f3dfc8000 JavaThread "Attach Listener" daemon [_thread_blocked, id=7224, stack(0x000000f0b7e00000,0x000000f0b7f00000)]
  0x0000020f3dfc9000 JavaThread "Service Thread" daemon [_thread_blocked, id=8176, stack(0x000000f0b7f00000,0x000000f0b8000000)]
  0x0000020f3dfc9800 JavaThread "C2 CompilerThread0" daemon [_thread_blocked, id=6888, stack(0x000000f0b8000000,0x000000f0b8100000)]
  0x0000020f3dfd0800 JavaThread "C1 CompilerThread0" daemon [_thread_blocked, id=6376, stack(0x000000f0b8100000,0x000000f0b8200000)]
  0x0000020f3dfdd000 JavaThread "Sweeper thread" daemon [_thread_blocked, id=2224, stack(0x000000f0b8200000,0x000000f0b8300000)]
  0x0000020f3e96d000 JavaThread "Common-Cleaner" daemon [_thread_blocked, id=6492, stack(0x000000f0b8300000,0x000000f0b8400000)]
  0x0000020f40315800 JavaThread "Daemon health stats" [_thread_blocked, id=6496, stack(0x000000f0b8600000,0x000000f0b8700000)]
  0x0000020f3f9e7800 JavaThread "Incoming local TCP Connector on port 52314" [_thread_in_native, id=4032, stack(0x000000f0b8700000,0x000000f0b8800000)]
  0x0000020f402e9800 JavaThread "Daemon periodic checks" [_thread_blocked, id=5184, stack(0x000000f0b8b00000,0x000000f0b8c00000)]
  0x0000020f40873800 JavaThread "Cache worker for file hash cache (C:\Users\Admin\.gradle\caches\7.0.2\fileHashes)" [_thread_blocked, id=7312, stack(0x000000f0b9100000,0x000000f0b9200000)]
  0x0000020f40872000 JavaThread "File lock request listener" [_thread_in_native, id=6992, stack(0x000000f0b9200000,0x000000f0b9300000)]
  0x0000020f4086e800 JavaThread "Cache worker for journal cache (C:\Users\Admin\.gradle\caches\journal-1)" [_thread_blocked, id=5288, stack(0x000000f0b9300000,0x000000f0b9400000)]
  0x0000020f40870800 JavaThread "File watcher server" daemon [_thread_blocked, id=6584, stack(0x000000f0b9500000,0x000000f0b9600000)]
  0x0000020f40874800 JavaThread "File watcher consumer" daemon [_thread_blocked, id=7648, stack(0x000000f0b9600000,0x000000f0b9700000)]
  0x0000020f4093d800 JavaThread "Cache worker for execution history cache (C:\Users\Admin\.gradle\caches\7.0.2\executionHistory)" [_thread_blocked, id=7552, stack(0x000000f0b9a00000,0x000000f0b9b00000)]
  0x0000020f4093c800 JavaThread "jar transforms" [_thread_blocked, id=3876, stack(0x000000f0b9b00000,0x000000f0b9c00000)]
  0x0000020f40943000 JavaThread "jar transforms Thread 2" [_thread_blocked, id=5780, stack(0x000000f0b9c00000,0x000000f0b9d00000)]
  0x0000020f4093e800 JavaThread "Cache worker for file content cache (C:\Users\Admin\.gradle\caches\7.0.2\fileContent)" [_thread_blocked, id=6368, stack(0x000000f0b9d00000,0x000000f0b9e00000)]
  0x0000020f40947800 JavaThread "Memory manager" [_thread_blocked, id=1756, stack(0x000000f0ba200000,0x000000f0ba300000)]
  0x0000020f4093f000 JavaThread "Daemon Thread 4" [_thread_blocked, id=1092, stack(0x000000f0b7100000,0x000000f0b7200000)]
  0x0000020f40944000 JavaThread "Daemon worker Thread 4" [_thread_blocked, id=7824, stack(0x000000f0b8900000,0x000000f0b8a00000)]
  0x0000020f40940000 JavaThread "Handler for socket connection from /127.0.0.1:52314 to /127.0.0.1:52878" [_thread_in_native, id=8964, stack(0x000000f0b7200000,0x000000f0b7300000)]
  0x0000020f4093b000 JavaThread "Cancel handler" [_thread_blocked, id=8972, stack(0x000000f0b7300000,0x000000f0b7400000)]
  0x0000020f40942800 JavaThread "Asynchronous log dispatcher for DefaultDaemonConnection: socket connection from /127.0.0.1:52314 to /127.0.0.1:52878" [_thread_blocked, id=8988, stack(0x000000f0b8a00000,0x000000f0b8b00000)]
  0x0000020f40945000 JavaThread "Daemon client event forwarder" [_thread_blocked, id=9020, stack(0x000000f0b8d00000,0x000000f0b8e00000)]
  0x0000020f40945800 JavaThread "Cache worker for file hash cache (C:\Users\Admin\AndroidStudioProjects\exam\.gradle\7.0.2\fileHashes)" [_thread_blocked, id=8996, stack(0x000000f0b8e00000,0x000000f0b8f00000)]
  0x0000020f40949000 JavaThread "Cache worker for checksums cache (C:\Users\Admin\AndroidStudioProjects\exam\.gradle\checksums)" [_thread_blocked, id=8960, stack(0x000000f0b8f00000,0x000000f0b9000000)]
  0x0000020f44d31000 JavaThread "Cache worker for cache directory md-supplier (C:\Users\Admin\.gradle\caches\7.0.2\md-supplier)" [_thread_blocked, id=8952, stack(0x000000f0b9000000,0x000000f0b9100000)]
  0x0000020f44d2e800 JavaThread "Cache worker for cache directory md-rule (C:\Users\Admin\.gradle\caches\7.0.2\md-rule)" [_thread_blocked, id=6768, stack(0x000000f0b9400000,0x000000f0b9500000)]
  0x0000020f44d33000 JavaThread "Cache worker for dependencies-accessors (C:\Users\Admin\AndroidStudioProjects\exam\.gradle\7.0.2\dependencies-accessors)" [_thread_blocked, id=8932, stack(0x000000f0b9700000,0x000000f0b9800000)]
  0x0000020f44d2f800 JavaThread "Cache worker for Build Output Cleanup Cache (C:\Users\Admin\AndroidStudioProjects\exam\.gradle\buildOutputCleanup)" [_thread_blocked, id=8940, stack(0x000000f0b9800000,0x000000f0b9900000)]
  0x0000020f44d32000 JavaThread "Build operations" [_thread_blocked, id=8532, stack(0x000000f0b9900000,0x000000f0b9a00000)]
  0x0000020f44d30800 JavaThread "Build operations Thread 2" [_thread_blocked, id=8244, stack(0x000000f0b9e00000,0x000000f0b9f00000)]
  0x0000020f44d2d000 JavaThread "build event listener" [_thread_blocked, id=8236, stack(0x000000f0b9f00000,0x000000f0ba000000)]
  0x0000020f44d2e000 JavaThread "Execution worker for ':'" [_thread_blocked, id=9076, stack(0x000000f0ba000000,0x000000f0ba100000)]
  0x0000020f40873000 JavaThread "Cache worker for execution history cache (C:\Users\Admin\AndroidStudioProjects\exam\.gradle\7.0.2\executionHistory)" [_thread_blocked, id=8732, stack(0x000000f0ba100000,0x000000f0ba200000)]
  0x0000020f4086e000 JavaThread "WorkerExecutor Queue" [_thread_blocked, id=3144, stack(0x000000f0ba300000,0x000000f0ba400000)]
  0x0000020f4086f800 JavaThread "WorkerExecutor Queue Thread 2" [_thread_blocked, id=6972, stack(0x000000f0ba400000,0x000000f0ba500000)]
  0x0000020f40871000 JavaThread "pool-20-thread-1" [_thread_blocked, id=8356, stack(0x000000f0ba600000,0x000000f0ba700000)]
  0x0000020f4780f800 JavaThread "stderr" [_thread_in_native, id=8352, stack(0x000000f0ba700000,0x000000f0ba800000)]
  0x0000020f4780e000 JavaThread "stdout" [_thread_in_native, id=8148, stack(0x000000f0ba800000,0x000000f0ba900000)]

Other Threads:
=>0x0000020f3dfa4800 VMThread "VM Thread" [stack: 0x000000f0b7a00000,0x000000f0b7b00000] [id=7204]
  0x0000020f3e992000 WatcherThread [stack: 0x000000f0b8400000,0x000000f0b8500000] [id=8044]
  0x0000020f226ca000 GCTaskThread "GC Thread#0" [stack: 0x000000f0b7500000,0x000000f0b7600000] [id=7904]
  0x0000020f3eb84800 GCTaskThread "GC Thread#1" [stack: 0x000000f0b8500000,0x000000f0b8600000] [id=4188]
  0x0000020f24758800 ConcurrentGCThread "G1 Main Marker" [stack: 0x000000f0b7600000,0x000000f0b7700000] [id=6252]
  0x0000020f24759800 ConcurrentGCThread "G1 Conc#0" [stack: 0x000000f0b7700000,0x000000f0b7800000] [id=7616]
  0x0000020f247e2000 ConcurrentGCThread "G1 Refine#0" [stack: 0x000000f0b7800000,0x000000f0b7900000] [id=8184]
  0x0000020f3fbe5000 ConcurrentGCThread "G1 Refine#1" [stack: 0x000000f0b8800000,0x000000f0b8900000] [id=7596]
  0x0000020f247e3000 ConcurrentGCThread "G1 Young RemSet Sampling" [stack: 0x000000f0b7900000,0x000000f0b7a00000] [id=7436]

Threads with active compile tasks:
C2 CompilerThread01131429 28355 %     4       com.android.tools.r8.ir.regalloc.a::i @ 65 (620 bytes)

VM state:at safepoint (normal execution)

VM Mutex/Monitor currently owned by a thread:  ([mutex/lock_event])
[0x0000020f2470eba0] Threads_lock - owner thread: 0x0000020f3dfa4800
[0x0000020f2470e8d0] Heap_lock - owner thread: 0x0000020f44d30800

Heap address: 0x0000000080000000, size: 2048 MB, Compressed Oops mode: 32-bit
Narrow klass base: 0x0000000000000000, Narrow klass shift: 3
Compressed class space size: 1073741824 Address: 0x0000000100000000

Heap:
 garbage-first heap   total 480256K, used 180963K [0x0000000080000000, 0x0000000100000000)
  region size 1024K, 10 young (10240K), 10 survivors (10240K)
 Metaspace       used 141323K, capacity 146201K, committed 146468K, reserved 1177600K
  class space    used 17398K, capacity 19131K, committed 19200K, reserved 1048576K
Heap Regions: E=young(eden), S=young(survivor), O=old, HS=humongous(starts), HC=humongous(continues), CS=collection set, F=free, A=archive, TAMS=top-at-mark-start (previous, next)
|   0|0x0000000080000000, 0x0000000080100000, 0x0000000080100000|100%| O|  |TAMS 0x0000000080100000, 0x0000000080000000| Untracked 
|   1|0x0000000080100000, 0x0000000080200000, 0x0000000080200000|100%| O|  |TAMS 0x0000000080200000, 0x0000000080100000| Untracked 
|   2|0x0000000080200000, 0x0000000080300000, 0x0000000080300000|100%| O|  |TAMS 0x0000000080300000, 0x0000000080200000| Untracked 
|   3|0x0000000080300000, 0x0000000080400000, 0x0000000080400000|100%| O|  |TAMS 0x0000000080400000, 0x0000000080300000| Untracked 
|   4|0x0000000080400000, 0x0000000080500000, 0x0000000080500000|100%|HS|  |TAMS 0x0000000080500000, 0x0000000080400000| Complete 
|   5|0x0000000080500000, 0x0000000080600000, 0x0000000080600000|100%|HC|  |TAMS 0x0000000080600000, 0x0000000080500000| Complete 
|   6|0x0000000080600000, 0x0000000080700000, 0x0000000080700000|100%|HC|  |TAMS 0x0000000080700000, 0x0000000080600000| Complete 
|   7|0x0000000080700000, 0x0000000080800000, 0x0000000080800000|100%| O|  |TAMS 0x0000000080800000, 0x0000000080700000| Untracked 
|   8|0x0000000080800000, 0x0000000080900000, 0x0000000080900000|100%| O|  |TAMS 0x0000000080900000, 0x0000000080800000| Untracked 
|   9|0x0000000080900000, 0x0000000080a00000, 0x0000000080a00000|100%| O|  |TAMS 0x0000000080a00000, 0x0000000080900000| Untracked 
|  10|0x0000000080a00000, 0x0000000080b00000, 0x0000000080b00000|100%| O|  |TAMS 0x0000000080b00000, 0x0000000080a00000| Untracked 
|  11|0x0000000080b00000, 0x0000000080c00000, 0x0000000080c00000|100%| O|  |TAMS 0x0000000080c00000, 0x0000000080b00000| Untracked 
|  12|0x0000000080c00000, 0x0000000080d00000, 0x0000000080d00000|100%| O|  |TAMS 0x0000000080d00000, 0x0000000080c00000| Untracked 
|  13|0x0000000080d00000, 0x0000000080e00000, 0x0000000080e00000|100%| O|  |TAMS 0x0000000080e00000, 0x0000000080d00000| Untracked 
|  14|0x0000000080e00000, 0x0000000080f00000, 0x0000000080f00000|100%| O|  |TAMS 0x0000000080f00000, 0x0000000080e00000| Untracked 
|  15|0x0000000080f00000, 0x0000000081000000, 0x0000000081000000|100%|HS|  |TAMS 0x0000000081000000, 0x0000000080f00000| Complete 
|  16|0x0000000081000000, 0x0000000081100000, 0x0000000081100000|100%| O|  |TAMS 0x0000000081100000, 0x0000000081000000| Untracked 
|  17|0x0000000081100000, 0x0000000081200000, 0x0000000081200000|100%| O|  |TAMS 0x0000000081200000, 0x0000000081100000| Untracked 
|  18|0x0000000081200000, 0x0000000081300000, 0x0000000081300000|100%| O|  |TAMS 0x0000000081300000, 0x0000000081200000| Untracked 
|  19|0x0000000081300000, 0x0000000081400000, 0x0000000081400000|100%| O|  |TAMS 0x0000000081400000, 0x0000000081300000| Untracked 
|  20|0x0000000081400000, 0x0000000081500000, 0x0000000081500000|100%| O|  |TAMS 0x0000000081500000, 0x0000000081400000| Untracked 
|  21|0x0000000081500000, 0x0000000081600000, 0x0000000081600000|100%| O|  |TAMS 0x0000000081600000, 0x0000000081500000| Untracked 
|  22|0x0000000081600000, 0x0000000081700000, 0x0000000081700000|100%|HS|  |TAMS 0x0000000081700000, 0x0000000081600000| Complete 
|  23|0x0000000081700000, 0x0000000081800000, 0x0000000081800000|100%|HS|  |TAMS 0x0000000081800000, 0x0000000081700000| Complete 
|  24|0x0000000081800000, 0x0000000081900000, 0x0000000081900000|100%|HC|  |TAMS 0x0000000081900000, 0x0000000081800000| Complete 
|  25|0x0000000081900000, 0x0000000081a00000, 0x0000000081a00000|100%| O|  |TAMS 0x0000000081a00000, 0x0000000081900000| Untracked 
|  26|0x0000000081a00000, 0x0000000081b00000, 0x0000000081b00000|100%| O|  |TAMS 0x0000000081b00000, 0x0000000081a00000| Untracked 
|  27|0x0000000081b00000, 0x0000000081c00000, 0x0000000081c00000|100%| O|  |TAMS 0x0000000081c00000, 0x0000000081b00000| Untracked 
|  28|0x0000000081c00000, 0x0000000081d00000, 0x0000000081d00000|100%| O|  |TAMS 0x0000000081d00000, 0x0000000081c00000| Untracked 
|  29|0x0000000081d00000, 0x0000000081e00000, 0x0000000081e00000|100%| O|  |TAMS 0x0000000081e00000, 0x0000000081d00000| Untracked 
|  30|0x0000000081e00000, 0x0000000081f00000, 0x0000000081f00000|100%| O|  |TAMS 0x0000000081f00000, 0x0000000081e00000| Untracked 
|  31|0x0000000081f00000, 0x0000000082000000, 0x0000000082000000|100%| O|  |TAMS 0x0000000082000000, 0x0000000081f00000| Untracked 
|  32|0x0000000082000000, 0x0000000082100000, 0x0000000082100000|100%| O|  |TAMS 0x0000000082100000, 0x0000000082000000| Untracked 
|  33|0x0000000082100000, 0x0000000082200000, 0x0000000082200000|100%| O|  |TAMS 0x0000000082200000, 0x0000000082100000| Untracked 
|  34|0x0000000082200000, 0x0000000082300000, 0x0000000082300000|100%| O|  |TAMS 0x0000000082300000, 0x0000000082200000| Untracked 
|  35|0x0000000082300000, 0x0000000082400000, 0x0000000082400000|100%| O|  |TAMS 0x0000000082400000, 0x0000000082300000| Untracked 
|  36|0x0000000082400000, 0x0000000082500000, 0x0000000082500000|100%| O|  |TAMS 0x0000000082500000, 0x0000000082400000| Untracked 
|  37|0x0000000082500000, 0x0000000082600000, 0x0000000082600000|100%| O|  |TAMS 0x0000000082600000, 0x0000000082500000| Untracked 
|  38|0x0000000082600000, 0x0000000082700000, 0x0000000082700000|100%| O|  |TAMS 0x0000000082700000, 0x0000000082600000| Untracked 
|  39|0x0000000082700000, 0x0000000082800000, 0x0000000082800000|100%| O|  |TAMS 0x0000000082800000, 0x0000000082700000| Untracked 
|  40|0x0000000082800000, 0x0000000082900000, 0x0000000082900000|100%| O|  |TAMS 0x0000000082900000, 0x0000000082800000| Untracked 
|  41|0x0000000082900000, 0x0000000082a00000, 0x0000000082a00000|100%| O|  |TAMS 0x0000000082a00000, 0x0000000082900000| Untracked 
|  42|0x0000000082a00000, 0x0000000082b00000, 0x0000000082b00000|100%| O|  |TAMS 0x0000000082b00000, 0x0000000082a00000| Untracked 
|  43|0x0000000082b00000, 0x0000000082c00000, 0x0000000082c00000|100%| O|  |TAMS 0x0000000082c00000, 0x0000000082b00000| Untracked 
|  44|0x0000000082c00000, 0x0000000082d00000, 0x0000000082d00000|100%| O|  |TAMS 0x0000000082d00000, 0x0000000082c00000| Untracked 
|  45|0x0000000082d00000, 0x0000000082e00000, 0x0000000082e00000|100%| O|  |TAMS 0x0000000082e00000, 0x0000000082d00000| Untracked 
|  46|0x0000000082e00000, 0x0000000082f00000, 0x0000000082f00000|100%| O|  |TAMS 0x0000000082f00000, 0x0000000082e00000| Untracked 
|  47|0x0000000082f00000, 0x0000000083000000, 0x0000000083000000|100%| O|  |TAMS 0x0000000083000000, 0x0000000082f00000| Untracked 
|  48|0x0000000083000000, 0x0000000083100000, 0x0000000083100000|100%| O|  |TAMS 0x0000000083100000, 0x0000000083000000| Untracked 
|  49|0x0000000083100000, 0x0000000083200000, 0x0000000083200000|100%| O|  |TAMS 0x0000000083200000, 0x0000000083100000| Untracked 
|  50|0x0000000083200000, 0x0000000083300000, 0x0000000083300000|100%| O|  |TAMS 0x0000000083300000, 0x0000000083200000| Untracked 
|  51|0x0000000083300000, 0x0000000083400000, 0x0000000083400000|100%| O|  |TAMS 0x0000000083400000, 0x0000000083300000| Untracked 
|  52|0x0000000083400000, 0x0000000083500000, 0x0000000083500000|100%| O|  |TAMS 0x0000000083500000, 0x0000000083400000| Untracked 
|  53|0x0000000083500000, 0x0000000083600000, 0x0000000083600000|100%| O|  |TAMS 0x0000000083600000, 0x0000000083500000| Untracked 
|  54|0x0000000083600000, 0x0000000083700000, 0x0000000083700000|100%| O|  |TAMS 0x0000000083700000, 0x0000000083600000| Untracked 
|  55|0x0000000083700000, 0x0000000083800000, 0x0000000083800000|100%| O|  |TAMS 0x0000000083800000, 0x0000000083700000| Untracked 
|  56|0x0000000083800000, 0x0000000083900000, 0x0000000083900000|100%| O|  |TAMS 0x0000000083900000, 0x0000000083800000| Untracked 
|  57|0x0000000083900000, 0x0000000083a00000, 0x0000000083a00000|100%| O|  |TAMS 0x0000000083a00000, 0x0000000083900000| Untracked 
|  58|0x0000000083a00000, 0x0000000083b00000, 0x0000000083b00000|100%| O|  |TAMS 0x0000000083b00000, 0x0000000083a00000| Untracked 
|  59|0x0000000083b00000, 0x0000000083c00000, 0x0000000083c00000|100%| O|  |TAMS 0x0000000083c00000, 0x0000000083b00000| Untracked 
|  60|0x0000000083c00000, 0x0000000083d00000, 0x0000000083d00000|100%| O|  |TAMS 0x0000000083d00000, 0x0000000083c00000| Untracked 
|  61|0x0000000083d00000, 0x0000000083e00000, 0x0000000083e00000|100%| O|  |TAMS 0x0000000083e00000, 0x0000000083d00000| Untracked 
|  62|0x0000000083e00000, 0x0000000083f00000, 0x0000000083f00000|100%| O|  |TAMS 0x0000000083f00000, 0x0000000083e00000| Untracked 
|  63|0x0000000083f00000, 0x0000000084000000, 0x0000000084000000|100%| O|  |TAMS 0x0000000084000000, 0x0000000083f00000| Untracked 
|  64|0x0000000084000000, 0x0000000084100000, 0x0000000084100000|100%| O|  |TAMS 0x0000000084100000, 0x0000000084000000| Untracked 
|  65|0x0000000084100000, 0x0000000084200000, 0x0000000084200000|100%| O|  |TAMS 0x0000000084200000, 0x0000000084100000| Untracked 
|  66|0x0000000084200000, 0x0000000084300000, 0x0000000084300000|100%| O|  |TAMS 0x0000000084300000, 0x0000000084200000| Untracked 
|  67|0x0000000084300000, 0x0000000084400000, 0x0000000084400000|100%| O|  |TAMS 0x0000000084400000, 0x0000000084300000| Untracked 
|  68|0x0000000084400000, 0x0000000084500000, 0x0000000084500000|100%| O|  |TAMS 0x0000000084500000, 0x0000000084400000| Untracked 
|  69|0x0000000084500000, 0x0000000084600000, 0x0000000084600000|100%| O|  |TAMS 0x0000000084500000, 0x0000000084500000| Untracked 
|  70|0x0000000084600000, 0x0000000084700000, 0x0000000084700000|100%| O|  |TAMS 0x0000000084700000, 0x0000000084600000| Untracked 
|  71|0x0000000084700000, 0x0000000084800000, 0x0000000084800000|100%|HS|  |TAMS 0x0000000084800000, 0x0000000084700000| Complete 
|  72|0x0000000084800000, 0x0000000084900000, 0x0000000084900000|100%|HC|  |TAMS 0x0000000084900000, 0x0000000084800000| Complete 
|  73|0x0000000084900000, 0x0000000084a00000, 0x0000000084a00000|100%|HS|  |TAMS 0x0000000084a00000, 0x0000000084900000| Complete 
|  74|0x0000000084a00000, 0x0000000084b00000, 0x0000000084b00000|100%|HC|  |TAMS 0x0000000084b00000, 0x0000000084a00000| Complete 
|  75|0x0000000084b00000, 0x0000000084c00000, 0x0000000084c00000|100%|HC|  |TAMS 0x0000000084c00000, 0x0000000084b00000| Complete 
|  76|0x0000000084c00000, 0x0000000084d00000, 0x0000000084d00000|100%|HS|  |TAMS 0x0000000084d00000, 0x0000000084c00000| Complete 
|  77|0x0000000084d00000, 0x0000000084e00000, 0x0000000084e00000|100%|HC|  |TAMS 0x0000000084e00000, 0x0000000084d00000| Complete 
|  78|0x0000000084e00000, 0x0000000084f00000, 0x0000000084f00000|100%|HC|  |TAMS 0x0000000084f00000, 0x0000000084e00000| Complete 
|  79|0x0000000084f00000, 0x0000000085000000, 0x0000000085000000|100%| O|  |TAMS 0x0000000085000000, 0x0000000084f00000| Untracked 
|  80|0x0000000085000000, 0x0000000085100000, 0x0000000085100000|100%| O|  |TAMS 0x0000000085100000, 0x0000000085000000| Untracked 
|  81|0x0000000085100000, 0x0000000085200000, 0x0000000085200000|100%| O|  |TAMS 0x0000000085200000, 0x0000000085100000| Untracked 
|  82|0x0000000085200000, 0x0000000085300000, 0x0000000085300000|100%| O|  |TAMS 0x0000000085300000, 0x0000000085200000| Untracked 
|  83|0x0000000085300000, 0x0000000085400000, 0x0000000085400000|100%| O|  |TAMS 0x0000000085400000, 0x0000000085300000| Untracked 
|  84|0x0000000085400000, 0x0000000085500000, 0x0000000085500000|100%| O|  |TAMS 0x0000000085500000, 0x0000000085400000| Untracked 
|  85|0x0000000085500000, 0x0000000085600000, 0x0000000085600000|100%| O|  |TAMS 0x0000000085600000, 0x0000000085500000| Untracked 
|  86|0x0000000085600000, 0x0000000085700000, 0x0000000085700000|100%| O|  |TAMS 0x0000000085700000, 0x0000000085600000| Untracked 
|  87|0x0000000085700000, 0x0000000085800000, 0x0000000085800000|100%| O|  |TAMS 0x0000000085800000, 0x0000000085700000| Untracked 
|  88|0x0000000085800000, 0x0000000085900000, 0x0000000085900000|100%| O|  |TAMS 0x0000000085900000, 0x0000000085800000| Untracked 
|  89|0x0000000085900000, 0x0000000085a00000, 0x0000000085a00000|100%|HS|  |TAMS 0x0000000085a00000, 0x0000000085900000| Complete 
|  90|0x0000000085a00000, 0x0000000085b00000, 0x0000000085b00000|100%|HC|  |TAMS 0x0000000085b00000, 0x0000000085a00000| Complete 
|  91|0x0000000085b00000, 0x0000000085c00000, 0x0000000085c00000|100%|HC|  |TAMS 0x0000000085c00000, 0x0000000085b00000| Complete 
|  92|0x0000000085c00000, 0x0000000085d00000, 0x0000000085d00000|100%|HC|  |TAMS 0x0000000085d00000, 0x0000000085c00000| Complete 
|  93|0x0000000085d00000, 0x0000000085e00000, 0x0000000085e00000|100%|HC|  |TAMS 0x0000000085e00000, 0x0000000085d00000| Complete 
|  94|0x0000000085e00000, 0x0000000085f00000, 0x0000000085f00000|100%|HS|  |TAMS 0x0000000085f00000, 0x0000000085e00000| Complete 
|  95|0x0000000085f00000, 0x0000000086000000, 0x0000000086000000|100%|HC|  |TAMS 0x0000000086000000, 0x0000000085f00000| Complete 
|  96|0x0000000086000000, 0x0000000086100000, 0x0000000086100000|100%|HC|  |TAMS 0x0000000086100000, 0x0000000086000000| Complete 
|  97|0x0000000086100000, 0x0000000086200000, 0x0000000086200000|100%|HC|  |TAMS 0x0000000086200000, 0x0000000086100000| Complete 
|  98|0x0000000086200000, 0x0000000086300000, 0x0000000086300000|100%|HC|  |TAMS 0x0000000086300000, 0x0000000086200000| Complete 
|  99|0x0000000086300000, 0x0000000086400000, 0x0000000086400000|100%| O|  |TAMS 0x0000000086400000, 0x0000000086300000| Untracked 
| 100|0x0000000086400000, 0x0000000086500000, 0x0000000086500000|100%| O|  |TAMS 0x0000000086500000, 0x0000000086400000| Untracked 
| 101|0x0000000086500000, 0x0000000086600000, 0x0000000086600000|100%| O|  |TAMS 0x0000000086600000, 0x0000000086500000| Untracked 
| 102|0x0000000086600000, 0x0000000086700000, 0x0000000086700000|100%| O|  |TAMS 0x0000000086700000, 0x0000000086600000| Untracked 
| 103|0x0000000086700000, 0x0000000086800000, 0x0000000086800000|100%| O|  |TAMS 0x0000000086800000, 0x0000000086700000| Untracked 
| 104|0x0000000086800000, 0x0000000086900000, 0x0000000086900000|100%| O|  |TAMS 0x0000000086900000, 0x0000000086800000| Untracked 
| 105|0x0000000086900000, 0x0000000086a00000, 0x0000000086a00000|100%| O|  |TAMS 0x0000000086a00000, 0x0000000086900000| Untracked 
| 106|0x0000000086a00000, 0x0000000086b00000, 0x0000000086b00000|100%| O|  |TAMS 0x0000000086b00000, 0x0000000086a00000| Untracked 
| 107|0x0000000086b00000, 0x0000000086c00000, 0x0000000086c00000|100%| O|  |TAMS 0x0000000086c00000, 0x0000000086b00000| Untracked 
| 108|0x0000000086c00000, 0x0000000086d00000, 0x0000000086d00000|100%| O|  |TAMS 0x0000000086d00000, 0x0000000086c00000| Untracked 
| 109|0x0000000086d00000, 0x0000000086e00000, 0x0000000086e00000|100%| O|  |TAMS 0x0000000086e00000, 0x0000000086d00000| Untracked 
| 110|0x0000000086e00000, 0x0000000086f00000, 0x0000000086f00000|100%| O|  |TAMS 0x0000000086f00000, 0x0000000086e00000| Untracked 
| 111|0x0000000086f00000, 0x0000000087000000, 0x0000000087000000|100%| O|  |TAMS 0x0000000086f00000, 0x0000000086f00000| Untracked 
| 112|0x0000000087000000, 0x0000000087100000, 0x0000000087100000|100%| O|  |TAMS 0x0000000087000000, 0x0000000087000000| Untracked 
| 113|0x0000000087100000, 0x0000000087200000, 0x0000000087200000|100%| O|  |TAMS 0x0000000087200000, 0x0000000087100000| Untracked 
| 114|0x0000000087200000, 0x0000000087300000, 0x0000000087300000|100%| O|  |TAMS 0x0000000087200000, 0x0000000087200000| Untracked 
| 115|0x0000000087300000, 0x0000000087400000, 0x0000000087400000|100%| O|  |TAMS 0x0000000087400000, 0x0000000087300000| Untracked 
| 116|0x0000000087400000, 0x0000000087500000, 0x0000000087500000|100%| O|  |TAMS 0x0000000087400000, 0x0000000087400000| Untracked 
| 117|0x0000000087500000, 0x0000000087600000, 0x0000000087600000|100%| O|  |TAMS 0x0000000087600000, 0x0000000087500000| Untracked 
| 118|0x0000000087600000, 0x0000000087700000, 0x0000000087700000|100%| O|  |TAMS 0x0000000087700000, 0x0000000087600000| Untracked 
| 119|0x0000000087700000, 0x0000000087800000, 0x0000000087800000|100%| O|  |TAMS 0x0000000087700000, 0x0000000087700000| Untracked 
| 120|0x0000000087800000, 0x0000000087900000, 0x0000000087900000|100%| O|  |TAMS 0x0000000087900000, 0x0000000087800000| Untracked 
| 121|0x0000000087900000, 0x0000000087a00000, 0x0000000087a00000|100%| O|  |TAMS 0x0000000087a00000, 0x0000000087900000| Untracked 
| 122|0x0000000087a00000, 0x0000000087b00000, 0x0000000087b00000|100%| O|  |TAMS 0x0000000087b00000, 0x0000000087a00000| Untracked 
| 123|0x0000000087b00000, 0x0000000087c00000, 0x0000000087c00000|100%| O|  |TAMS 0x0000000087b00000, 0x0000000087b00000| Untracked 
| 124|0x0000000087c00000, 0x0000000087d00000, 0x0000000087d00000|100%| O|  |TAMS 0x0000000087c00000, 0x0000000087c00000| Untracked 
| 125|0x0000000087d00000, 0x0000000087e00000, 0x0000000087e00000|100%| O|  |TAMS 0x0000000087d00000, 0x0000000087d00000| Untracked 
| 126|0x0000000087e00000, 0x0000000087f00000, 0x0000000087f00000|100%| O|  |TAMS 0x0000000087e00000, 0x0000000087e00000| Untracked 
| 127|0x0000000087f00000, 0x0000000088000000, 0x0000000088000000|100%| O|  |TAMS 0x0000000088000000, 0x0000000087f00000| Untracked 
| 128|0x0000000088000000, 0x0000000088100000, 0x0000000088100000|100%| O|  |TAMS 0x0000000088100000, 0x0000000088000000| Untracked 
| 129|0x0000000088100000, 0x0000000088200000, 0x0000000088200000|100%| O|  |TAMS 0x0000000088200000, 0x0000000088100000| Untracked 
| 130|0x0000000088200000, 0x0000000088300000, 0x0000000088300000|100%| O|  |TAMS 0x00000000882f3c00, 0x0000000088200000| Untracked 
| 131|0x0000000088300000, 0x0000000088400000, 0x0000000088400000|100%| O|  |TAMS 0x0000000088300000, 0x0000000088300000| Untracked 
| 132|0x0000000088400000, 0x0000000088500000, 0x0000000088500000|100%| O|  |TAMS 0x0000000088400000, 0x0000000088400000| Untracked 
| 133|0x0000000088500000, 0x0000000088600000, 0x0000000088600000|100%| O|  |TAMS 0x0000000088500000, 0x0000000088500000| Untracked 
| 134|0x0000000088600000, 0x0000000088700000, 0x0000000088700000|100%| O|  |TAMS 0x0000000088700000, 0x0000000088600000| Untracked 
| 135|0x0000000088700000, 0x0000000088800000, 0x0000000088800000|100%| O|  |TAMS 0x0000000088800000, 0x0000000088700000| Untracked 
| 136|0x0000000088800000, 0x0000000088900000, 0x0000000088900000|100%| O|  |TAMS 0x0000000088800000, 0x0000000088800000| Untracked 
| 137|0x0000000088900000, 0x0000000088a00000, 0x0000000088a00000|100%| O|  |TAMS 0x0000000088900000, 0x0000000088900000| Untracked 
| 138|0x0000000088a00000, 0x0000000088b00000, 0x0000000088b00000|100%| O|  |TAMS 0x0000000088a00000, 0x0000000088a00000| Untracked 
| 139|0x0000000088b00000, 0x0000000088c00000, 0x0000000088c00000|100%| O|  |TAMS 0x0000000088b00000, 0x0000000088b00000| Untracked 
| 140|0x0000000088c00000, 0x0000000088d00000, 0x0000000088d00000|100%| O|  |TAMS 0x0000000088c00000, 0x0000000088c00000| Untracked 
| 141|0x0000000088d00000, 0x0000000088e00000, 0x0000000088e00000|100%| O|  |TAMS 0x0000000088d00000, 0x0000000088d00000| Untracked 
| 142|0x0000000088e00000, 0x0000000088f00000, 0x0000000088f00000|100%| O|  |TAMS 0x0000000088e00000, 0x0000000088e00000| Untracked 
| 143|0x0000000088f00000, 0x0000000089000000, 0x0000000089000000|100%|HS|  |TAMS 0x0000000088f00000, 0x0000000088f00000| Complete 
| 144|0x0000000089000000, 0x0000000089100000, 0x0000000089100000|100%| O|  |TAMS 0x0000000089000000, 0x0000000089000000| Untracked 
| 145|0x0000000089100000, 0x0000000089200000, 0x0000000089200000|100%| O|  |TAMS 0x0000000089100000, 0x0000000089100000| Untracked 
| 146|0x0000000089200000, 0x0000000089300000, 0x0000000089300000|100%| O|  |TAMS 0x0000000089200000, 0x0000000089200000| Untracked 
| 147|0x0000000089300000, 0x0000000089400000, 0x0000000089400000|100%| O|  |TAMS 0x0000000089300000, 0x0000000089300000| Untracked 
| 148|0x0000000089400000, 0x0000000089500000, 0x0000000089500000|100%| O|  |TAMS 0x0000000089400000, 0x0000000089400000| Untracked 
| 149|0x0000000089500000, 0x0000000089600000, 0x0000000089600000|100%| O|  |TAMS 0x0000000089500000, 0x0000000089500000| Untracked 
| 150|0x0000000089600000, 0x0000000089700000, 0x0000000089700000|100%| O|  |TAMS 0x0000000089600000, 0x0000000089600000| Untracked 
| 151|0x0000000089700000, 0x0000000089800000, 0x0000000089800000|100%| O|  |TAMS 0x0000000089700000, 0x0000000089700000| Untracked 
| 152|0x0000000089800000, 0x0000000089900000, 0x0000000089900000|100%| O|  |TAMS 0x0000000089800000, 0x0000000089800000| Untracked 
| 153|0x0000000089900000, 0x0000000089a00000, 0x0000000089a00000|100%| O|  |TAMS 0x0000000089900000, 0x0000000089900000| Untracked 
| 154|0x0000000089a00000, 0x0000000089b00000, 0x0000000089b00000|100%| O|  |TAMS 0x0000000089a00000, 0x0000000089a00000| Untracked 
| 155|0x0000000089b00000, 0x0000000089c00000, 0x0000000089c00000|100%| O|  |TAMS 0x0000000089b00000, 0x0000000089b00000| Untracked 
| 156|0x0000000089c00000, 0x0000000089d00000, 0x0000000089d00000|100%| O|  |TAMS 0x0000000089c00000, 0x0000000089c00000| Untracked 
| 157|0x0000000089d00000, 0x0000000089e00000, 0x0000000089e00000|100%| O|  |TAMS 0x0000000089d00000, 0x0000000089d00000| Untracked 
| 158|0x0000000089e00000, 0x0000000089f00000, 0x0000000089f00000|100%| O|  |TAMS 0x0000000089e00000, 0x0000000089e00000| Untracked 
| 159|0x0000000089f00000, 0x000000008a000000, 0x000000008a000000|100%| O|  |TAMS 0x0000000089f00000, 0x0000000089f00000| Untracked 
| 160|0x000000008a000000, 0x000000008a100000, 0x000000008a100000|100%| O|  |TAMS 0x000000008a000000, 0x000000008a000000| Untracked 
| 161|0x000000008a100000, 0x000000008a200000, 0x000000008a200000|100%| O|  |TAMS 0x000000008a100000, 0x000000008a100000| Untracked 
| 162|0x000000008a200000, 0x000000008a300000, 0x000000008a300000|100%| O|  |TAMS 0x000000008a200000, 0x000000008a200000| Untracked 
| 163|0x000000008a300000, 0x000000008a400000, 0x000000008a400000|100%| O|  |TAMS 0x000000008a300000, 0x000000008a300000| Untracked 
| 164|0x000000008a400000, 0x000000008a500000, 0x000000008a500000|100%| O|  |TAMS 0x000000008a400000, 0x000000008a400000| Untracked 
| 165|0x000000008a500000, 0x000000008a600000, 0x000000008a600000|100%| O|  |TAMS 0x000000008a500000, 0x000000008a500000| Untracked 
| 166|0x000000008a600000, 0x000000008a6b8e00, 0x000000008a700000| 72%| O|  |TAMS 0x000000008a600000, 0x000000008a600000| Untracked 
| 167|0x000000008a700000, 0x000000008a700000, 0x000000008a800000|  0%| F|  |TAMS 0x000000008a700000, 0x000000008a700000| Untracked 
| 168|0x000000008a800000, 0x000000008a800000, 0x000000008a900000|  0%| F|  |TAMS 0x000000008a800000, 0x000000008a800000| Untracked 
| 169|0x000000008a900000, 0x000000008a900000, 0x000000008aa00000|  0%| F|  |TAMS 0x000000008a900000, 0x000000008a900000| Untracked 
| 170|0x000000008aa00000, 0x000000008aa00000, 0x000000008ab00000|  0%| F|  |TAMS 0x000000008aa00000, 0x000000008aa00000| Untracked 
| 171|0x000000008ab00000, 0x000000008ab00000, 0x000000008ac00000|  0%| F|  |TAMS 0x000000008ab00000, 0x000000008ab00000| Untracked 
| 172|0x000000008ac00000, 0x000000008ac00000, 0x000000008ad00000|  0%| F|  |TAMS 0x000000008ac00000, 0x000000008ac00000| Untracked 
| 173|0x000000008ad00000, 0x000000008ad00000, 0x000000008ae00000|  0%| F|  |TAMS 0x000000008ad00000, 0x000000008ad00000| Untracked 
| 174|0x000000008ae00000, 0x000000008ae00000, 0x000000008af00000|  0%| F|  |TAMS 0x000000008ae00000, 0x000000008ae00000| Untracked 
| 175|0x000000008af00000, 0x000000008af00000, 0x000000008b000000|  0%| F|  |TAMS 0x000000008af00000, 0x000000008af00000| Untracked 
| 176|0x000000008b000000, 0x000000008b000000, 0x000000008b100000|  0%| F|  |TAMS 0x000000008b000000, 0x000000008b000000| Untracked 
| 177|0x000000008b100000, 0x000000008b100000, 0x000000008b200000|  0%| F|  |TAMS 0x000000008b100000, 0x000000008b100000| Untracked 
| 178|0x000000008b200000, 0x000000008b200000, 0x000000008b300000|  0%| F|  |TAMS 0x000000008b200000, 0x000000008b200000| Untracked 
| 179|0x000000008b300000, 0x000000008b300000, 0x000000008b400000|  0%| F|  |TAMS 0x000000008b300000, 0x000000008b300000| Untracked 
| 180|0x000000008b400000, 0x000000008b400000, 0x000000008b500000|  0%| F|  |TAMS 0x000000008b400000, 0x000000008b400000| Untracked 
| 181|0x000000008b500000, 0x000000008b500000, 0x000000008b600000|  0%| F|  |TAMS 0x000000008b500000, 0x000000008b500000| Untracked 
| 182|0x000000008b600000, 0x000000008b600000, 0x000000008b700000|  0%| F|  |TAMS 0x000000008b600000, 0x000000008b600000| Untracked 
| 183|0x000000008b700000, 0x000000008b700000, 0x000000008b800000|  0%| F|  |TAMS 0x000000008b700000, 0x000000008b700000| Untracked 
| 184|0x000000008b800000, 0x000000008b800000, 0x000000008b900000|  0%| F|  |TAMS 0x000000008b800000, 0x000000008b800000| Untracked 
| 185|0x000000008b900000, 0x000000008b900000, 0x000000008ba00000|  0%| F|  |TAMS 0x000000008b900000, 0x000000008b900000| Untracked 
| 186|0x000000008ba00000, 0x000000008ba00000, 0x000000008bb00000|  0%| F|  |TAMS 0x000000008ba00000, 0x000000008ba00000| Untracked 
| 187|0x000000008bb00000, 0x000000008bb00000, 0x000000008bc00000|  0%| F|  |TAMS 0x000000008bb00000, 0x000000008bb00000| Untracked 
| 188|0x000000008bc00000, 0x000000008bc00000, 0x000000008bd00000|  0%| F|  |TAMS 0x000000008bc00000, 0x000000008bc00000| Untracked 
| 189|0x000000008bd00000, 0x000000008bd00000, 0x000000008be00000|  0%| F|  |TAMS 0x000000008bd00000, 0x000000008bd00000| Untracked 
| 190|0x000000008be00000, 0x000000008be00000, 0x000000008bf00000|  0%| F|  |TAMS 0x000000008be00000, 0x000000008be00000| Untracked 
| 191|0x000000008bf00000, 0x000000008bf00000, 0x000000008c000000|  0%| F|  |TAMS 0x000000008bf00000, 0x000000008bf00000| Untracked 
| 192|0x000000008c000000, 0x000000008c000000, 0x000000008c100000|  0%| F|  |TAMS 0x000000008c000000, 0x000000008c000000| Untracked 
| 193|0x000000008c100000, 0x000000008c100000, 0x000000008c200000|  0%| F|  |TAMS 0x000000008c100000, 0x000000008c100000| Untracked 
| 194|0x000000008c200000, 0x000000008c200000, 0x000000008c300000|  0%| F|  |TAMS 0x000000008c200000, 0x000000008c200000| Untracked 
| 195|0x000000008c300000, 0x000000008c300000, 0x000000008c400000|  0%| F|  |TAMS 0x000000008c300000, 0x000000008c300000| Untracked 
| 196|0x000000008c400000, 0x000000008c400000, 0x000000008c500000|  0%| F|  |TAMS 0x000000008c400000, 0x000000008c400000| Untracked 
| 197|0x000000008c500000, 0x000000008c500000, 0x000000008c600000|  0%| F|  |TAMS 0x000000008c500000, 0x000000008c500000| Untracked 
| 198|0x000000008c600000, 0x000000008c600000, 0x000000008c700000|  0%| F|  |TAMS 0x000000008c600000, 0x000000008c600000| Untracked 
| 199|0x000000008c700000, 0x000000008c700000, 0x000000008c800000|  0%| F|  |TAMS 0x000000008c700000, 0x000000008c700000| Untracked 
| 200|0x000000008c800000, 0x000000008c800000, 0x000000008c900000|  0%| F|  |TAMS 0x000000008c800000, 0x000000008c800000| Untracked 
| 201|0x000000008c900000, 0x000000008c900000, 0x000000008ca00000|  0%| F|  |TAMS 0x000000008c900000, 0x000000008c900000| Untracked 
| 202|0x000000008ca00000, 0x000000008ca00000, 0x000000008cb00000|  0%| F|  |TAMS 0x000000008ca00000, 0x000000008ca00000| Untracked 
| 203|0x000000008cb00000, 0x000000008cb00000, 0x000000008cc00000|  0%| F|  |TAMS 0x000000008cb00000, 0x000000008cb00000| Untracked 
| 204|0x000000008cc00000, 0x000000008cc00000, 0x000000008cd00000|  0%| F|  |TAMS 0x000000008cc00000, 0x000000008cc00000| Untracked 
| 205|0x000000008cd00000, 0x000000008cd00000, 0x000000008ce00000|  0%| F|  |TAMS 0x000000008cd00000, 0x000000008cd00000| Untracked 
| 206|0x000000008ce00000, 0x000000008ce00000, 0x000000008cf00000|  0%| F|  |TAMS 0x000000008ce00000, 0x000000008ce00000| Untracked 
| 207|0x000000008cf00000, 0x000000008d000000, 0x000000008d000000|100%| S|CS|TAMS 0x000000008cf00000, 0x000000008cf00000| Complete 
| 208|0x000000008d000000, 0x000000008d100000, 0x000000008d100000|100%| S|CS|TAMS 0x000000008d000000, 0x000000008d000000| Complete 
| 209|0x000000008d100000, 0x000000008d200000, 0x000000008d200000|100%| S|CS|TAMS 0x000000008d100000, 0x000000008d100000| Complete 
| 210|0x000000008d200000, 0x000000008d300000, 0x000000008d300000|100%| S|CS|TAMS 0x000000008d200000, 0x000000008d200000| Complete 
| 211|0x000000008d300000, 0x000000008d400000, 0x000000008d400000|100%| S|CS|TAMS 0x000000008d300000, 0x000000008d300000| Complete 
| 212|0x000000008d400000, 0x000000008d500000, 0x000000008d500000|100%| S|CS|TAMS 0x000000008d400000, 0x000000008d400000| Complete 
| 213|0x000000008d500000, 0x000000008d500000, 0x000000008d600000|  0%| F|  |TAMS 0x000000008d500000, 0x000000008d500000| Untracked 
| 214|0x000000008d600000, 0x000000008d600000, 0x000000008d700000|  0%| F|  |TAMS 0x000000008d600000, 0x000000008d600000| Untracked 
| 215|0x000000008d700000, 0x000000008d700000, 0x000000008d800000|  0%| F|  |TAMS 0x000000008d700000, 0x000000008d700000| Untracked 
| 216|0x000000008d800000, 0x000000008d800000, 0x000000008d900000|  0%| F|  |TAMS 0x000000008d800000, 0x000000008d800000| Untracked 
| 217|0x000000008d900000, 0x000000008d900000, 0x000000008da00000|  0%| F|  |TAMS 0x000000008d900000, 0x000000008d900000| Untracked 
| 218|0x000000008da00000, 0x000000008db00000, 0x000000008db00000|100%| S|CS|TAMS 0x000000008da00000, 0x000000008da00000| Complete 
| 219|0x000000008db00000, 0x000000008dc00000, 0x000000008dc00000|100%| S|CS|TAMS 0x000000008db00000, 0x000000008db00000| Complete 
| 220|0x000000008dc00000, 0x000000008dd00000, 0x000000008dd00000|100%| S|CS|TAMS 0x000000008dc00000, 0x000000008dc00000| Complete 
| 221|0x000000008dd00000, 0x000000008de00000, 0x000000008de00000|100%| S|CS|TAMS 0x000000008dd00000, 0x000000008dd00000| Complete 
| 222|0x000000008de00000, 0x000000008de00000, 0x000000008df00000|  0%| F|  |TAMS 0x000000008de00000, 0x000000008de00000| Untracked 
| 223|0x000000008df00000, 0x000000008df00000, 0x000000008e000000|  0%| F|  |TAMS 0x000000008df00000, 0x000000008df00000| Untracked 
| 224|0x000000008e000000, 0x000000008e000000, 0x000000008e100000|  0%| F|  |TAMS 0x000000008e000000, 0x000000008e000000| Untracked 
| 225|0x000000008e100000, 0x000000008e100000, 0x000000008e200000|  0%| F|  |TAMS 0x000000008e100000, 0x000000008e100000| Untracked 
| 226|0x000000008e200000, 0x000000008e200000, 0x000000008e300000|  0%| F|  |TAMS 0x000000008e200000, 0x000000008e200000| Untracked 
| 227|0x000000008e300000, 0x000000008e300000, 0x000000008e400000|  0%| F|  |TAMS 0x000000008e300000, 0x000000008e300000| Untracked 
| 228|0x000000008e400000, 0x000000008e400000, 0x000000008e500000|  0%| F|  |TAMS 0x000000008e400000, 0x000000008e400000| Untracked 
| 229|0x000000008e500000, 0x000000008e500000, 0x000000008e600000|  0%| F|  |TAMS 0x000000008e500000, 0x000000008e500000| Untracked 
| 230|0x000000008e600000, 0x000000008e600000, 0x000000008e700000|  0%| F|  |TAMS 0x000000008e600000, 0x000000008e600000| Untracked 
| 231|0x000000008e700000, 0x000000008e700000, 0x000000008e800000|  0%| F|  |TAMS 0x000000008e700000, 0x000000008e700000| Untracked 
| 232|0x000000008e800000, 0x000000008e800000, 0x000000008e900000|  0%| F|  |TAMS 0x000000008e800000, 0x000000008e800000| Untracked 
| 233|0x000000008e900000, 0x000000008e900000, 0x000000008ea00000|  0%| F|  |TAMS 0x000000008e900000, 0x000000008e900000| Untracked 
| 234|0x000000008ea00000, 0x000000008ea00000, 0x000000008eb00000|  0%| F|  |TAMS 0x000000008ea00000, 0x000000008ea00000| Untracked 
| 235|0x000000008eb00000, 0x000000008eb00000, 0x000000008ec00000|  0%| F|  |TAMS 0x000000008eb00000, 0x000000008eb00000| Untracked 
| 236|0x000000008ec00000, 0x000000008ec00000, 0x000000008ed00000|  0%| F|  |TAMS 0x000000008ec00000, 0x000000008ec00000| Untracked 
| 237|0x000000008ed00000, 0x000000008ed00000, 0x000000008ee00000|  0%| F|  |TAMS 0x000000008ed00000, 0x000000008ed00000| Untracked 
| 238|0x000000008ee00000, 0x000000008ee00000, 0x000000008ef00000|  0%| F|  |TAMS 0x000000008ee00000, 0x000000008ee00000| Untracked 
| 239|0x000000008ef00000, 0x000000008ef00000, 0x000000008f000000|  0%| F|  |TAMS 0x000000008ef00000, 0x000000008ef00000| Untracked 
| 240|0x000000008f000000, 0x000000008f000000, 0x000000008f100000|  0%| F|  |TAMS 0x000000008f000000, 0x000000008f000000| Untracked 
| 241|0x000000008f100000, 0x000000008f100000, 0x000000008f200000|  0%| F|  |TAMS 0x000000008f100000, 0x000000008f100000| Untracked 
| 242|0x000000008f200000, 0x000000008f200000, 0x000000008f300000|  0%| F|  |TAMS 0x000000008f200000, 0x000000008f200000| Untracked 
| 243|0x000000008f300000, 0x000000008f300000, 0x000000008f400000|  0%| F|  |TAMS 0x000000008f300000, 0x000000008f300000| Untracked 
| 244|0x000000008f400000, 0x000000008f400000, 0x000000008f500000|  0%| F|  |TAMS 0x000000008f400000, 0x000000008f400000| Untracked 
| 245|0x000000008f500000, 0x000000008f500000, 0x000000008f600000|  0%| F|  |TAMS 0x000000008f500000, 0x000000008f500000| Untracked 
| 246|0x000000008f600000, 0x000000008f600000, 0x000000008f700000|  0%| F|  |TAMS 0x000000008f600000, 0x000000008f600000| Untracked 
| 247|0x000000008f700000, 0x000000008f700000, 0x000000008f800000|  0%| F|  |TAMS 0x000000008f700000, 0x000000008f700000| Untracked 
| 248|0x000000008f800000, 0x000000008f800000, 0x000000008f900000|  0%| F|  |TAMS 0x000000008f800000, 0x000000008f800000| Untracked 
| 249|0x000000008f900000, 0x000000008f900000, 0x000000008fa00000|  0%| F|  |TAMS 0x000000008f900000, 0x000000008f900000| Untracked 
| 250|0x000000008fa00000, 0x000000008fa00000, 0x000000008fb00000|  0%| F|  |TAMS 0x000000008fa00000, 0x000000008fa00000| Untracked 
| 251|0x000000008fb00000, 0x000000008fb00000, 0x000000008fc00000|  0%| F|  |TAMS 0x000000008fb00000, 0x000000008fb00000| Untracked 
| 252|0x000000008fc00000, 0x000000008fc00000, 0x000000008fd00000|  0%| F|  |TAMS 0x000000008fc00000, 0x000000008fc00000| Untracked 
| 253|0x000000008fd00000, 0x000000008fd00000, 0x000000008fe00000|  0%| F|  |TAMS 0x000000008fd00000, 0x000000008fd00000| Untracked 
| 254|0x000000008fe00000, 0x000000008fe00000, 0x000000008ff00000|  0%| F|  |TAMS 0x000000008fe00000, 0x000000008fe00000| Untracked 
| 255|0x000000008ff00000, 0x000000008ff00000, 0x0000000090000000|  0%| F|  |TAMS 0x000000008ff00000, 0x000000008ff00000| Untracked 
| 256|0x0000000090000000, 0x0000000090000000, 0x0000000090100000|  0%| F|  |TAMS 0x0000000090000000, 0x0000000090000000| Untracked 
| 257|0x0000000090100000, 0x0000000090100000, 0x0000000090200000|  0%| F|  |TAMS 0x0000000090100000, 0x0000000090100000| Untracked 
| 258|0x0000000090200000, 0x0000000090200000, 0x0000000090300000|  0%| F|  |TAMS 0x0000000090200000, 0x0000000090200000| Untracked 
| 259|0x0000000090300000, 0x0000000090300000, 0x0000000090400000|  0%| F|  |TAMS 0x0000000090300000, 0x0000000090300000| Untracked 
| 260|0x0000000090400000, 0x0000000090400000, 0x0000000090500000|  0%| F|  |TAMS 0x0000000090400000, 0x0000000090400000| Untracked 
| 261|0x0000000090500000, 0x0000000090500000, 0x0000000090600000|  0%| F|  |TAMS 0x0000000090500000, 0x0000000090500000| Untracked 
| 262|0x0000000090600000, 0x0000000090600000, 0x0000000090700000|  0%| F|  |TAMS 0x0000000090600000, 0x0000000090600000| Untracked 
| 263|0x0000000090700000, 0x0000000090700000, 0x0000000090800000|  0%| F|  |TAMS 0x0000000090700000, 0x0000000090700000| Untracked 
| 264|0x0000000090800000, 0x0000000090800000, 0x0000000090900000|  0%| F|  |TAMS 0x0000000090800000, 0x0000000090800000| Untracked 
| 265|0x0000000090900000, 0x0000000090900000, 0x0000000090a00000|  0%| F|  |TAMS 0x0000000090900000, 0x0000000090900000| Untracked 
| 266|0x0000000090a00000, 0x0000000090a00000, 0x0000000090b00000|  0%| F|  |TAMS 0x0000000090a00000, 0x0000000090a00000| Untracked 
| 267|0x0000000090b00000, 0x0000000090b00000, 0x0000000090c00000|  0%| F|  |TAMS 0x0000000090b00000, 0x0000000090b00000| Untracked 
| 268|0x0000000090c00000, 0x0000000090c00000, 0x0000000090d00000|  0%| F|  |TAMS 0x0000000090c00000, 0x0000000090c00000| Untracked 
| 269|0x0000000090d00000, 0x0000000090d00000, 0x0000000090e00000|  0%| F|  |TAMS 0x0000000090d00000, 0x0000000090d00000| Untracked 
| 270|0x0000000090e00000, 0x0000000090e00000, 0x0000000090f00000|  0%| F|  |TAMS 0x0000000090e00000, 0x0000000090e00000| Untracked 
| 271|0x0000000090f00000, 0x0000000090f00000, 0x0000000091000000|  0%| F|  |TAMS 0x0000000090f00000, 0x0000000090f00000| Untracked 
| 272|0x0000000091000000, 0x0000000091000000, 0x0000000091100000|  0%| F|  |TAMS 0x0000000091000000, 0x0000000091000000| Untracked 
| 273|0x0000000091100000, 0x0000000091100000, 0x0000000091200000|  0%| F|  |TAMS 0x0000000091100000, 0x0000000091100000| Untracked 
| 274|0x0000000091200000, 0x0000000091200000, 0x0000000091300000|  0%| F|  |TAMS 0x0000000091200000, 0x0000000091200000| Untracked 
| 275|0x0000000091300000, 0x0000000091300000, 0x0000000091400000|  0%| F|  |TAMS 0x0000000091300000, 0x0000000091300000| Untracked 
| 276|0x0000000091400000, 0x0000000091400000, 0x0000000091500000|  0%| F|  |TAMS 0x0000000091400000, 0x0000000091400000| Untracked 
| 277|0x0000000091500000, 0x0000000091500000, 0x0000000091600000|  0%| F|  |TAMS 0x0000000091500000, 0x0000000091500000| Untracked 
| 278|0x0000000091600000, 0x0000000091600000, 0x0000000091700000|  0%| F|  |TAMS 0x0000000091600000, 0x0000000091600000| Untracked 
| 279|0x0000000091700000, 0x0000000091700000, 0x0000000091800000|  0%| F|  |TAMS 0x0000000091700000, 0x0000000091700000| Untracked 
| 280|0x0000000091800000, 0x0000000091800000, 0x0000000091900000|  0%| F|  |TAMS 0x0000000091800000, 0x0000000091800000| Untracked 
| 281|0x0000000091900000, 0x0000000091900000, 0x0000000091a00000|  0%| F|  |TAMS 0x0000000091900000, 0x0000000091900000| Untracked 
| 282|0x0000000091a00000, 0x0000000091a00000, 0x0000000091b00000|  0%| F|  |TAMS 0x0000000091a00000, 0x0000000091a00000| Untracked 
| 283|0x0000000091b00000, 0x0000000091b00000, 0x0000000091c00000|  0%| F|  |TAMS 0x0000000091b00000, 0x0000000091b00000| Untracked 
| 284|0x0000000091c00000, 0x0000000091c00000, 0x0000000091d00000|  0%| F|  |TAMS 0x0000000091c00000, 0x0000000091c00000| Untracked 
| 285|0x0000000091d00000, 0x0000000091d00000, 0x0000000091e00000|  0%| F|  |TAMS 0x0000000091d00000, 0x0000000091d00000| Untracked 
| 286|0x0000000091e00000, 0x0000000091e00000, 0x0000000091f00000|  0%| F|  |TAMS 0x0000000091e00000, 0x0000000091e00000| Untracked 
| 287|0x0000000091f00000, 0x0000000091f00000, 0x0000000092000000|  0%| F|  |TAMS 0x0000000091f00000, 0x0000000091f00000| Untracked 
| 288|0x0000000092000000, 0x0000000092000000, 0x0000000092100000|  0%| F|  |TAMS 0x0000000092000000, 0x0000000092000000| Untracked 
| 289|0x0000000092100000, 0x0000000092100000, 0x0000000092200000|  0%| F|  |TAMS 0x0000000092100000, 0x0000000092100000| Untracked 
| 290|0x0000000092200000, 0x0000000092200000, 0x0000000092300000|  0%| F|  |TAMS 0x0000000092200000, 0x0000000092200000| Untracked 
| 291|0x0000000092300000, 0x0000000092300000, 0x0000000092400000|  0%| F|  |TAMS 0x0000000092300000, 0x0000000092300000| Untracked 
| 292|0x0000000092400000, 0x0000000092400000, 0x0000000092500000|  0%| F|  |TAMS 0x0000000092400000, 0x0000000092400000| Untracked 
| 293|0x0000000092500000, 0x0000000092500000, 0x0000000092600000|  0%| F|  |TAMS 0x0000000092500000, 0x0000000092500000| Untracked 
| 294|0x0000000092600000, 0x0000000092600000, 0x0000000092700000|  0%| F|  |TAMS 0x0000000092600000, 0x0000000092600000| Untracked 
| 295|0x0000000092700000, 0x0000000092700000, 0x0000000092800000|  0%| F|  |TAMS 0x0000000092700000, 0x0000000092700000| Untracked 
| 296|0x0000000092800000, 0x0000000092800000, 0x0000000092900000|  0%| F|  |TAMS 0x0000000092800000, 0x0000000092800000| Untracked 
| 297|0x0000000092900000, 0x0000000092900000, 0x0000000092a00000|  0%| F|  |TAMS 0x0000000092900000, 0x0000000092900000| Untracked 
| 298|0x0000000092a00000, 0x0000000092a00000, 0x0000000092b00000|  0%| F|  |TAMS 0x0000000092a00000, 0x0000000092a00000| Untracked 
| 299|0x0000000092b00000, 0x0000000092b00000, 0x0000000092c00000|  0%| F|  |TAMS 0x0000000092b00000, 0x0000000092b00000| Untracked 
| 300|0x0000000092c00000, 0x0000000092c00000, 0x0000000092d00000|  0%| F|  |TAMS 0x0000000092c00000, 0x0000000092c00000| Untracked 
| 301|0x0000000092d00000, 0x0000000092d00000, 0x0000000092e00000|  0%| F|  |TAMS 0x0000000092d00000, 0x0000000092d00000| Untracked 
| 302|0x0000000092e00000, 0x0000000092e00000, 0x0000000092f00000|  0%| F|  |TAMS 0x0000000092e00000, 0x0000000092e00000| Untracked 
| 303|0x0000000092f00000, 0x0000000092f00000, 0x0000000093000000|  0%| F|  |TAMS 0x0000000092f00000, 0x0000000092f00000| Untracked 
| 304|0x0000000093000000, 0x0000000093000000, 0x0000000093100000|  0%| F|  |TAMS 0x0000000093000000, 0x0000000093000000| Untracked 
| 305|0x0000000093100000, 0x0000000093100000, 0x0000000093200000|  0%| F|  |TAMS 0x0000000093100000, 0x0000000093100000| Untracked 
| 306|0x0000000093200000, 0x0000000093200000, 0x0000000093300000|  0%| F|  |TAMS 0x0000000093200000, 0x0000000093200000| Untracked 
| 307|0x0000000093300000, 0x0000000093300000, 0x0000000093400000|  0%| F|  |TAMS 0x0000000093300000, 0x0000000093300000| Untracked 
| 308|0x0000000093400000, 0x0000000093400000, 0x0000000093500000|  0%| F|  |TAMS 0x0000000093400000, 0x0000000093400000| Untracked 
| 309|0x0000000093500000, 0x0000000093500000, 0x0000000093600000|  0%| F|  |TAMS 0x0000000093500000, 0x0000000093500000| Untracked 
| 310|0x0000000093600000, 0x0000000093600000, 0x0000000093700000|  0%| F|  |TAMS 0x0000000093600000, 0x0000000093600000| Untracked 
| 311|0x0000000093700000, 0x0000000093700000, 0x0000000093800000|  0%| F|  |TAMS 0x0000000093700000, 0x0000000093700000| Untracked 
| 312|0x0000000093800000, 0x0000000093800000, 0x0000000093900000|  0%| F|  |TAMS 0x0000000093800000, 0x0000000093800000| Untracked 
| 313|0x0000000093900000, 0x0000000093900000, 0x0000000093a00000|  0%| F|  |TAMS 0x0000000093900000, 0x0000000093900000| Untracked 
| 314|0x0000000093a00000, 0x0000000093a00000, 0x0000000093b00000|  0%| F|  |TAMS 0x0000000093a00000, 0x0000000093a00000| Untracked 
| 315|0x0000000093b00000, 0x0000000093b00000, 0x0000000093c00000|  0%| F|  |TAMS 0x0000000093b00000, 0x0000000093b00000| Untracked 
| 316|0x0000000093c00000, 0x0000000093c00000, 0x0000000093d00000|  0%| F|  |TAMS 0x0000000093c00000, 0x0000000093c00000| Untracked 
| 317|0x0000000093d00000, 0x0000000093d00000, 0x0000000093e00000|  0%| F|  |TAMS 0x0000000093d00000, 0x0000000093d00000| Untracked 
| 318|0x0000000093e00000, 0x0000000093e00000, 0x0000000093f00000|  0%| F|  |TAMS 0x0000000093e00000, 0x0000000093e00000| Untracked 
| 319|0x0000000093f00000, 0x0000000093f00000, 0x0000000094000000|  0%| F|  |TAMS 0x0000000093f00000, 0x0000000093f00000| Untracked 
| 320|0x0000000094000000, 0x0000000094000000, 0x0000000094100000|  0%| F|  |TAMS 0x0000000094000000, 0x0000000094000000| Untracked 
| 321|0x0000000094100000, 0x0000000094100000, 0x0000000094200000|  0%| F|  |TAMS 0x0000000094100000, 0x0000000094100000| Untracked 
| 322|0x0000000094200000, 0x0000000094200000, 0x0000000094300000|  0%| F|  |TAMS 0x0000000094200000, 0x0000000094200000| Untracked 
| 323|0x0000000094300000, 0x0000000094300000, 0x0000000094400000|  0%| F|  |TAMS 0x0000000094300000, 0x0000000094300000| Untracked 
| 324|0x0000000094400000, 0x0000000094400000, 0x0000000094500000|  0%| F|  |TAMS 0x0000000094400000, 0x0000000094400000| Untracked 
| 325|0x0000000094500000, 0x0000000094500000, 0x0000000094600000|  0%| F|  |TAMS 0x0000000094500000, 0x0000000094500000| Untracked 
| 326|0x0000000094600000, 0x0000000094600000, 0x0000000094700000|  0%| F|  |TAMS 0x0000000094600000, 0x0000000094600000| Untracked 
| 327|0x0000000094700000, 0x0000000094700000, 0x0000000094800000|  0%| F|  |TAMS 0x0000000094700000, 0x0000000094700000| Untracked 
| 328|0x0000000094800000, 0x0000000094800000, 0x0000000094900000|  0%| F|  |TAMS 0x0000000094800000, 0x0000000094800000| Untracked 
| 329|0x0000000094900000, 0x0000000094900000, 0x0000000094a00000|  0%| F|  |TAMS 0x0000000094900000, 0x0000000094900000| Untracked 
| 330|0x0000000094a00000, 0x0000000094a00000, 0x0000000094b00000|  0%| F|  |TAMS 0x0000000094a00000, 0x0000000094a00000| Untracked 
| 331|0x0000000094b00000, 0x0000000094b00000, 0x0000000094c00000|  0%| F|  |TAMS 0x0000000094b00000, 0x0000000094b00000| Untracked 
| 332|0x0000000094c00000, 0x0000000094c00000, 0x0000000094d00000|  0%| F|  |TAMS 0x0000000094c00000, 0x0000000094c00000| Untracked 
| 333|0x0000000094d00000, 0x0000000094d00000, 0x0000000094e00000|  0%| F|  |TAMS 0x0000000094d00000, 0x0000000094d00000| Untracked 
| 334|0x0000000094e00000, 0x0000000094e00000, 0x0000000094f00000|  0%| F|  |TAMS 0x0000000094e00000, 0x0000000094e00000| Untracked 
| 335|0x0000000094f00000, 0x0000000094f00000, 0x0000000095000000|  0%| F|  |TAMS 0x0000000094f00000, 0x0000000094f00000| Untracked 
| 336|0x0000000095000000, 0x0000000095000000, 0x0000000095100000|  0%| F|  |TAMS 0x0000000095000000, 0x0000000095000000| Untracked 
| 337|0x0000000095100000, 0x0000000095100000, 0x0000000095200000|  0%| F|  |TAMS 0x0000000095100000, 0x0000000095100000| Untracked 
| 338|0x0000000095200000, 0x0000000095200000, 0x0000000095300000|  0%| F|  |TAMS 0x0000000095200000, 0x0000000095200000| Untracked 
| 339|0x0000000095300000, 0x0000000095300000, 0x0000000095400000|  0%| F|  |TAMS 0x0000000095300000, 0x0000000095300000| Untracked 
| 340|0x0000000095400000, 0x0000000095400000, 0x0000000095500000|  0%| F|  |TAMS 0x0000000095400000, 0x0000000095400000| Untracked 
| 341|0x0000000095500000, 0x0000000095500000, 0x0000000095600000|  0%| F|  |TAMS 0x0000000095500000, 0x0000000095500000| Untracked 
| 342|0x0000000095600000, 0x0000000095600000, 0x0000000095700000|  0%| F|  |TAMS 0x0000000095600000, 0x0000000095600000| Untracked 
| 343|0x0000000095700000, 0x0000000095700000, 0x0000000095800000|  0%| F|  |TAMS 0x0000000095700000, 0x0000000095700000| Untracked 
| 344|0x0000000095800000, 0x0000000095800000, 0x0000000095900000|  0%| F|  |TAMS 0x0000000095800000, 0x0000000095800000| Untracked 
| 345|0x0000000095900000, 0x0000000095900000, 0x0000000095a00000|  0%| F|  |TAMS 0x0000000095900000, 0x0000000095900000| Untracked 
| 346|0x0000000095a00000, 0x0000000095a00000, 0x0000000095b00000|  0%| F|  |TAMS 0x0000000095a00000, 0x0000000095a00000| Untracked 
| 347|0x0000000095b00000, 0x0000000095b00000, 0x0000000095c00000|  0%| F|  |TAMS 0x0000000095b00000, 0x0000000095b00000| Untracked 
| 348|0x0000000095c00000, 0x0000000095c00000, 0x0000000095d00000|  0%| F|  |TAMS 0x0000000095c00000, 0x0000000095c00000| Untracked 
| 349|0x0000000095d00000, 0x0000000095d00000, 0x0000000095e00000|  0%| F|  |TAMS 0x0000000095d00000, 0x0000000095d00000| Untracked 
| 350|0x0000000095e00000, 0x0000000095e00000, 0x0000000095f00000|  0%| F|  |TAMS 0x0000000095e00000, 0x0000000095e00000| Untracked 
| 351|0x0000000095f00000, 0x0000000095f00000, 0x0000000096000000|  0%| F|  |TAMS 0x0000000095f00000, 0x0000000095f00000| Untracked 
| 352|0x0000000096000000, 0x0000000096000000, 0x0000000096100000|  0%| F|  |TAMS 0x0000000096000000, 0x0000000096000000| Untracked 
| 353|0x0000000096100000, 0x0000000096100000, 0x0000000096200000|  0%| F|  |TAMS 0x0000000096100000, 0x0000000096100000| Untracked 
| 354|0x0000000096200000, 0x0000000096200000, 0x0000000096300000|  0%| F|  |TAMS 0x0000000096200000, 0x0000000096200000| Untracked 
| 355|0x0000000096300000, 0x0000000096300000, 0x0000000096400000|  0%| F|  |TAMS 0x0000000096300000, 0x0000000096300000| Untracked 
| 356|0x0000000096400000, 0x0000000096400000, 0x0000000096500000|  0%| F|  |TAMS 0x0000000096400000, 0x0000000096400000| Untracked 
| 357|0x0000000096500000, 0x0000000096500000, 0x0000000096600000|  0%| F|  |TAMS 0x0000000096500000, 0x0000000096500000| Untracked 
| 358|0x0000000096600000, 0x0000000096600000, 0x0000000096700000|  0%| F|  |TAMS 0x0000000096600000, 0x0000000096600000| Untracked 
| 359|0x0000000096700000, 0x0000000096700000, 0x0000000096800000|  0%| F|  |TAMS 0x0000000096700000, 0x0000000096700000| Untracked 

Card table byte_map: [0x0000020f37600000,0x0000020f37a00000] _byte_map_base: 0x0000020f37200000

Marking Bits (Prev, Next): (CMBitMap*) 0x0000020f2474f900, (CMBitMap*) 0x0000020f2474f8c8
 Prev Bits: [0x0000020f39e00000, 0x0000020f3be00000)
 Next Bits: [0x0000020f37e00000, 0x0000020f39e00000)

Polling page: 0x0000020f23ef0000

Metaspace:

Usage:
  Non-class:    124.09 MB capacity,   121.02 MB ( 98%) used,     2.57 MB (  2%) free+waste,   512.25 KB ( <1%) overhead. 
      Class:     18.68 MB capacity,    16.99 MB ( 91%) used,     1.47 MB (  8%) free+waste,   225.31 KB (  1%) overhead. 
       Both:    142.77 MB capacity,   138.01 MB ( 97%) used,     4.04 MB (  3%) free+waste,   737.56 KB ( <1%) overhead. 

Virtual space:
  Non-class space:      126.00 MB reserved,     124.29 MB ( 99%) committed 
      Class space:        1.00 GB reserved,      18.75 MB (  2%) committed 
             Both:        1.12 GB reserved,     143.04 MB ( 12%) committed 

Chunk freelists:
   Non-Class:  6.00 KB
       Class:  0 bytes
        Both:  6.00 KB

MaxMetaspaceSize: 17179869184.00 GB
CompressedClassSpaceSize: 1.00 GB

CodeHeap 'non-profiled nmethods': size=120064Kb used=16404Kb max_used=16839Kb free=103660Kb
 bounds [0x0000020f2fcc0000, 0x0000020f30d40000, 0x0000020f37200000]
CodeHeap 'profiled nmethods': size=120000Kb used=54457Kb max_used=56361Kb free=65543Kb
 bounds [0x0000020f28790000, 0x0000020f2bee0000, 0x0000020f2fcc0000]
CodeHeap 'non-nmethods': size=5696Kb used=2369Kb max_used=2439Kb free=3327Kb
 bounds [0x0000020f28200000, 0x0000020f28480000, 0x0000020f28790000]
 total_blobs=24589 nmethods=23580 adapters=919
 compilation: enabled
              stopped_count=0, restarted_count=0
 full_count=0

Compilation events (20 events):
Event: 1130.216 Thread 0x0000020f3dfd0800 28386       2       com.android.tools.r8.internal.Le::b (41 bytes)
Event: 1130.217 Thread 0x0000020f3dfd0800 nmethod 28386 0x0000020f288e3690 code [0x0000020f288e3880, 0x0000020f288e3b48]
Event: 1130.548 Thread 0x0000020f3dfd0800 28388       2       com.android.tools.r8.internal.u8::a (37 bytes)
Event: 1130.551 Thread 0x0000020f3dfd0800 nmethod 28388 0x0000020f288b7810 code [0x0000020f288b79e0, 0x0000020f288b7c08]
Event: 1130.561 Thread 0x0000020f3dfd0800 28389       2       com.android.tools.r8.internal.Ze::b (53 bytes)
Event: 1130.562 Thread 0x0000020f3dfd0800 nmethod 28389 0x0000020f288de610 code [0x0000020f288de800, 0x0000020f288dea38]
Event: 1130.591 Thread 0x0000020f3dfd0800 28391 %     3       com.android.tools.r8.internal.l4::a @ 9 (34 bytes)
Event: 1130.592 Thread 0x0000020f3dfd0800 nmethod 28391% 0x0000020f288f1a10 code [0x0000020f288f1c00, 0x0000020f288f1fc8]
Event: 1130.844 Thread 0x0000020f3dfd0800 28394 %     3       com.android.tools.r8.internal.W4::a @ 908 (1165 bytes)
Event: 1130.854 Thread 0x0000020f3dfd0800 nmethod 28394% 0x0000020f29ea0390 code [0x0000020f29ea0f20, 0x0000020f29ea8b28]
Event: 1130.919 Thread 0x0000020f3dfd0800 28395       3       com.android.tools.r8.internal.W4::a (1165 bytes)
Event: 1130.928 Thread 0x0000020f3dfd0800 nmethod 28395 0x0000020f2aaa3c90 code [0x0000020f2aaa4820, 0x0000020f2aaac348]
Event: 1131.055 Thread 0x0000020f3dfd0800 28398 %     3       com.android.tools.r8.internal.Me::a @ 46 (134 bytes)
Event: 1131.057 Thread 0x0000020f3dfd0800 nmethod 28398% 0x0000020f28aada10 code [0x0000020f28aadde0, 0x0000020f28aaf9d8]
Event: 1131.058 Thread 0x0000020f3dfd0800 28399       3       com.android.tools.r8.internal.Me::a (134 bytes)
Event: 1131.060 Thread 0x0000020f3dfd0800 nmethod 28399 0x0000020f28c11e90 code [0x0000020f28c12260, 0x0000020f28c13e18]
Event: 1131.140 Thread 0x0000020f3dfc9800 nmethod 28357% 0x0000020f3074ac10 code [0x0000020f3074b480, 0x0000020f307533f8]
Event: 1131.140 Thread 0x0000020f3dfc9800 28355 %     4       com.android.tools.r8.ir.regalloc.a::i @ 65 (620 bytes)
Event: 1131.258 Thread 0x0000020f3dfd0800 28401       2       com.android.tools.r8.internal.AI::<init> (10 bytes)
Event: 1131.258 Thread 0x0000020f3dfd0800 nmethod 28401 0x0000020f2888de90 code [0x0000020f2888e040, 0x0000020f2888e148]

GC Heap History (20 events):
Event: 1106.229 GC heap after
{Heap after GC invocations=96 (full 0):
 garbage-first heap   total 368640K, used 155614K [0x0000000080000000, 0x0000000100000000)
  region size 1024K, 11 young (11264K), 11 survivors (11264K)
 Metaspace       used 141154K, capacity 145996K, committed 146212K, reserved 1177600K
  class space    used 17382K, capacity 19107K, committed 19200K, reserved 1048576K
}
Event: 1109.178 GC heap before
{Heap before GC invocations=96 (full 0):
 garbage-first heap   total 368640K, used 315358K [0x0000000080000000, 0x0000000100000000)
  region size 1024K, 167 young (171008K), 11 survivors (11264K)
 Metaspace       used 141155K, capacity 145996K, committed 146212K, reserved 1177600K
  class space    used 17382K, capacity 19107K, committed 19200K, reserved 1048576K
}
Event: 1109.215 GC heap after
{Heap after GC invocations=97 (full 0):
 garbage-first heap   total 368640K, used 155614K [0x0000000080000000, 0x0000000100000000)
  region size 1024K, 11 young (11264K), 11 survivors (11264K)
 Metaspace       used 141155K, capacity 145996K, committed 146212K, reserved 1177600K
  class space    used 17382K, capacity 19107K, committed 19200K, reserved 1048576K
}
Event: 1111.248 GC heap before
{Heap before GC invocations=97 (full 0):
 garbage-first heap   total 368640K, used 317406K [0x0000000080000000, 0x0000000100000000)
  region size 1024K, 168 young (172032K), 11 survivors (11264K)
 Metaspace       used 141182K, capacity 146073K, committed 146212K, reserved 1177600K
  class space    used 17384K, capacity 19110K, committed 19200K, reserved 1048576K
}
Event: 1111.312 GC heap after
{Heap after GC invocations=98 (full 0):
 garbage-first heap   total 368640K, used 150494K [0x0000000080000000, 0x0000000100000000)
  region size 1024K, 6 young (6144K), 6 survivors (6144K)
 Metaspace       used 141182K, capacity 146073K, committed 146212K, reserved 1177600K
  class space    used 17384K, capacity 19110K, committed 19200K, reserved 1048576K
}
Event: 1114.454 GC heap before
{Heap before GC invocations=98 (full 0):
 garbage-first heap   total 368640K, used 314334K [0x0000000080000000, 0x0000000100000000)
  region size 1024K, 166 young (169984K), 6 survivors (6144K)
 Metaspace       used 141216K, capacity 146077K, committed 146212K, reserved 1177600K
  class space    used 17384K, capacity 19110K, committed 19200K, reserved 1048576K
}
Event: 1114.532 GC heap after
{Heap after GC invocations=99 (full 0):
 garbage-first heap   total 368640K, used 153566K [0x0000000080000000, 0x0000000100000000)
  region size 1024K, 9 young (9216K), 9 survivors (9216K)
 Metaspace       used 141216K, capacity 146077K, committed 146212K, reserved 1177600K
  class space    used 17384K, capacity 19110K, committed 19200K, reserved 1048576K
}
Event: 1117.315 GC heap before
{Heap before GC invocations=99 (full 0):
 garbage-first heap   total 368640K, used 318430K [0x0000000080000000, 0x0000000100000000)
  region size 1024K, 168 young (172032K), 9 survivors (9216K)
 Metaspace       used 141257K, capacity 146115K, committed 146212K, reserved 1177600K
  class space    used 17391K, capacity 19123K, committed 19200K, reserved 1048576K
}
Event: 1117.544 GC heap after
{Heap after GC invocations=100 (full 0):
 garbage-first heap   total 368640K, used 169992K [0x0000000080000000, 0x0000000100000000)
  region size 1024K, 21 young (21504K), 21 survivors (21504K)
 Metaspace       used 141257K, capacity 146115K, committed 146212K, reserved 1177600K
  class space    used 17391K, capacity 19123K, committed 19200K, reserved 1048576K
}
Event: 1119.803 GC heap before
{Heap before GC invocations=100 (full 0):
 garbage-first heap   total 368640K, used 306184K [0x0000000080000000, 0x0000000100000000)
  region size 1024K, 154 young (157696K), 21 survivors (21504K)
 Metaspace       used 141272K, capacity 146179K, committed 146468K, reserved 1177600K
  class space    used 17393K, capacity 19123K, committed 19200K, reserved 1048576K
}
Event: 1119.988 GC heap after
{Heap after GC invocations=101 (full 0):
 garbage-first heap   total 368640K, used 169606K [0x0000000080000000, 0x0000000100000000)
  region size 1024K, 3 young (3072K), 3 survivors (3072K)
 Metaspace       used 141272K, capacity 146179K, committed 146468K, reserved 1177600K
  class space    used 17393K, capacity 19123K, committed 19200K, reserved 1048576K
}
Event: 1122.697 GC heap before
{Heap before GC invocations=101 (full 0):
 garbage-first heap   total 368640K, used 306822K [0x0000000080000000, 0x0000000100000000)
  region size 1024K, 137 young (140288K), 3 survivors (3072K)
 Metaspace       used 141294K, capacity 146189K, committed 146468K, reserved 1177600K
  class space    used 17395K, capacity 19127K, committed 19200K, reserved 1048576K
}
Event: 1122.743 GC heap after
{Heap after GC invocations=102 (full 0):
 garbage-first heap   total 368640K, used 171654K [0x0000000080000000, 0x0000000100000000)
  region size 1024K, 5 young (5120K), 5 survivors (5120K)
 Metaspace       used 141294K, capacity 146189K, committed 146468K, reserved 1177600K
  class space    used 17395K, capacity 19127K, committed 19200K, reserved 1048576K
}
Event: 1125.092 GC heap before
{Heap before GC invocations=102 (full 0):
 garbage-first heap   total 368640K, used 309894K [0x0000000080000000, 0x0000000100000000)
  region size 1024K, 140 young (143360K), 5 survivors (5120K)
 Metaspace       used 141304K, capacity 146200K, committed 146468K, reserved 1177600K
  class space    used 17398K, capacity 19131K, committed 19200K, reserved 1048576K
}
Event: 1125.121 GC heap after
{Heap after GC invocations=103 (full 0):
 garbage-first heap   total 368640K, used 173640K [0x0000000080000000, 0x0000000100000000)
  region size 1024K, 7 young (7168K), 7 survivors (7168K)
 Metaspace       used 141304K, capacity 146200K, committed 146468K, reserved 1177600K
  class space    used 17398K, capacity 19131K, committed 19200K, reserved 1048576K
}
Event: 1127.725 GC heap before
{Heap before GC invocations=103 (full 0):
 garbage-first heap   total 368640K, used 313928K [0x0000000080000000, 0x0000000100000000)
  region size 1024K, 143 young (146432K), 7 survivors (7168K)
 Metaspace       used 141317K, capacity 146201K, committed 146468K, reserved 1177600K
  class space    used 17398K, capacity 19131K, committed 19200K, reserved 1048576K
}
Event: 1127.775 GC heap after
{Heap after GC invocations=104 (full 0):
 garbage-first heap   total 368640K, used 178310K [0x0000000080000000, 0x0000000100000000)
  region size 1024K, 11 young (11264K), 11 survivors (11264K)
 Metaspace       used 141317K, capacity 146201K, committed 146468K, reserved 1177600K
  class space    used 17398K, capacity 19131K, committed 19200K, reserved 1048576K
}
Event: 1129.657 GC heap before
{Heap before GC invocations=104 (full 0):
 garbage-first heap   total 368640K, used 314502K [0x0000000080000000, 0x0000000100000000)
  region size 1024K, 144 young (147456K), 11 survivors (11264K)
 Metaspace       used 141319K, capacity 146201K, committed 146468K, reserved 1177600K
  class space    used 17398K, capacity 19131K, committed 19200K, reserved 1048576K
}
Event: 1129.751 GC heap after
{Heap after GC invocations=105 (full 0):
 garbage-first heap   total 368640K, used 179397K [0x0000000080000000, 0x0000000100000000)
  region size 1024K, 11 young (11264K), 11 survivors (11264K)
 Metaspace       used 141319K, capacity 146201K, committed 146468K, reserved 1177600K
  class space    used 17398K, capacity 19131K, committed 19200K, reserved 1048576K
}
Event: 1131.351 GC heap before
{Heap before GC invocations=105 (full 0):
 garbage-first heap   total 368640K, used 315589K [0x0000000080000000, 0x0000000100000000)
  region size 1024K, 144 young (147456K), 11 survivors (11264K)
 Metaspace       used 141323K, capacity 146201K, committed 146468K, reserved 1177600K
  class space    used 17398K, capacity 19131K, committed 19200K, reserved 1048576K
}

Deoptimization events (20 events):
Event: 1127.572 Thread 0x0000020f40944000 DEOPT PACKING pc=0x0000020f2b3cd8a6 sp=0x000000f0b89f3a00
Event: 1127.572 Thread 0x0000020f40944000 DEOPT UNPACKING pc=0x0000020f2822683f sp=0x000000f0b89f3188 mode 0
Event: 1127.580 Thread 0x0000020f40944000 DEOPT PACKING pc=0x0000020f2b3cb699 sp=0x000000f0b89f3a00
Event: 1127.580 Thread 0x0000020f40944000 DEOPT UNPACKING pc=0x0000020f2822683f sp=0x000000f0b89f3190 mode 0
Event: 1127.783 Thread 0x0000020f44d30800 DEOPT PACKING pc=0x0000020f2ba3ecf1 sp=0x000000f0b9ef9720
Event: 1127.783 Thread 0x0000020f44d30800 DEOPT UNPACKING pc=0x0000020f2822683f sp=0x000000f0b9ef8cf0 mode 0
Event: 1128.185 Thread 0x0000020f44d30800 DEOPT PACKING pc=0x0000020f2b952529 sp=0x000000f0b9ef9e30
Event: 1128.185 Thread 0x0000020f44d30800 DEOPT UNPACKING pc=0x0000020f2822683f sp=0x000000f0b9ef9450 mode 0
Event: 1128.457 Thread 0x0000020f44d30800 DEOPT PACKING pc=0x0000020f2b92dcce sp=0x000000f0b9ef95f0
Event: 1128.457 Thread 0x0000020f44d30800 DEOPT UNPACKING pc=0x0000020f2822683f sp=0x000000f0b9ef8b00 mode 0
Event: 1129.780 Thread 0x0000020f40944000 DEOPT PACKING pc=0x0000020f2bad2b20 sp=0x000000f0b89f26b0
Event: 1129.780 Thread 0x0000020f40944000 DEOPT UNPACKING pc=0x0000020f2822683f sp=0x000000f0b89f1b98 mode 0
Event: 1130.592 Thread 0x0000020f40944000 DEOPT PACKING pc=0x0000020f2b8cee4a sp=0x000000f0b89f3ac0
Event: 1130.592 Thread 0x0000020f40944000 DEOPT UNPACKING pc=0x0000020f2822683f sp=0x000000f0b89f2f40 mode 0
Event: 1130.722 Thread 0x0000020f40944000 DEOPT PACKING pc=0x0000020f2bdd9b2c sp=0x000000f0b89f2fd0
Event: 1130.722 Thread 0x0000020f40944000 DEOPT UNPACKING pc=0x0000020f2822683f sp=0x000000f0b89f2798 mode 0
Event: 1131.060 Thread 0x0000020f44d30800 DEOPT PACKING pc=0x0000020f2bb4a3a1 sp=0x000000f0b9ef98b0
Event: 1131.060 Thread 0x0000020f44d30800 DEOPT UNPACKING pc=0x0000020f2822683f sp=0x000000f0b9ef8e08 mode 0
Event: 1131.243 Thread 0x0000020f40944000 DEOPT PACKING pc=0x0000020f2bdd9b2c sp=0x000000f0b89f2fd0
Event: 1131.243 Thread 0x0000020f40944000 DEOPT UNPACKING pc=0x0000020f2822683f sp=0x000000f0b89f2798 mode 0

Classes redefined (0 events):
No events

Internal exceptions (20 events):
Event: 1113.253 Thread 0x0000020f40944000 Exception <a 'sun/nio/fs/WindowsException'{0x0000000090263508}> (0x0000000090263508) thrown at [./src/hotspot/share/prims/jni.cpp, line 615]
Event: 1113.290 Thread 0x0000020f40944000 Exception <a 'sun/nio/fs/WindowsException'{0x000000008fe58b30}> (0x000000008fe58b30) thrown at [./src/hotspot/share/prims/jni.cpp, line 615]
Event: 1113.321 Thread 0x0000020f44d30800 Exception <a 'sun/nio/fs/WindowsException'{0x00000000903f0c80}> (0x00000000903f0c80) thrown at [./src/hotspot/share/prims/jni.cpp, line 615]
Event: 1113.351 Thread 0x0000020f40944000 Exception <a 'sun/nio/fs/WindowsException'{0x000000008fef0e30}> (0x000000008fef0e30) thrown at [./src/hotspot/share/prims/jni.cpp, line 615]
Event: 1113.437 Thread 0x0000020f44d30800 Exception <a 'sun/nio/fs/WindowsException'{0x000000008f7fe260}> (0x000000008f7fe260) thrown at [./src/hotspot/share/prims/jni.cpp, line 615]
Event: 1113.444 Thread 0x0000020f40944000 Exception <a 'sun/nio/fs/WindowsException'{0x000000008f3d01c0}> (0x000000008f3d01c0) thrown at [./src/hotspot/share/prims/jni.cpp, line 615]
Event: 1113.660 Thread 0x0000020f44d30800 Exception <a 'sun/nio/fs/WindowsException'{0x000000008f2b2ff0}> (0x000000008f2b2ff0) thrown at [./src/hotspot/share/prims/jni.cpp, line 615]
Event: 1113.847 Thread 0x0000020f44d30800 Exception <a 'sun/nio/fs/WindowsException'{0x000000008e20ca10}> (0x000000008e20ca10) thrown at [./src/hotspot/share/prims/jni.cpp, line 615]
Event: 1113.868 Thread 0x0000020f40944000 Exception <a 'sun/nio/fs/WindowsException'{0x000000008ef2fef8}> (0x000000008ef2fef8) thrown at [./src/hotspot/share/prims/jni.cpp, line 615]
Event: 1113.922 Thread 0x0000020f40944000 Exception <a 'sun/nio/fs/WindowsException'{0x000000008e0e0f90}> (0x000000008e0e0f90) thrown at [./src/hotspot/share/prims/jni.cpp, line 615]
Event: 1113.967 Thread 0x0000020f40944000 Exception <a 'sun/nio/fs/WindowsException'{0x000000008df64240}> (0x000000008df64240) thrown at [./src/hotspot/share/prims/jni.cpp, line 615]
Event: 1114.114 Thread 0x0000020f40944000 Exception <a 'sun/nio/fs/WindowsException'{0x000000008d814250}> (0x000000008d814250) thrown at [./src/hotspot/share/prims/jni.cpp, line 615]
Event: 1114.123 Thread 0x0000020f44d30800 Exception <a 'sun/nio/fs/WindowsException'{0x000000008e265c68}> (0x000000008e265c68) thrown at [./src/hotspot/share/prims/jni.cpp, line 615]
Event: 1114.198 Thread 0x0000020f44d30800 Exception <a 'sun/nio/fs/WindowsException'{0x000000008d5cced8}> (0x000000008d5cced8) thrown at [./src/hotspot/share/prims/jni.cpp, line 615]
Event: 1114.274 Thread 0x0000020f44d30800 Exception <a 'sun/nio/fs/WindowsException'{0x000000008d2f9350}> (0x000000008d2f9350) thrown at [./src/hotspot/share/prims/jni.cpp, line 615]
Event: 1114.298 Thread 0x0000020f40944000 Exception <a 'sun/nio/fs/WindowsException'{0x000000008d0cf3e8}> (0x000000008d0cf3e8) thrown at [./src/hotspot/share/prims/jni.cpp, line 615]
Event: 1114.351 Thread 0x0000020f44d30800 Exception <a 'sun/nio/fs/WindowsException'{0x000000008cdcaef0}> (0x000000008cdcaef0) thrown at [./src/hotspot/share/prims/jni.cpp, line 615]
Event: 1115.889 Thread 0x0000020f44d30800 Exception <a 'sun/nio/fs/WindowsException'{0x00000000930837d0}> (0x00000000930837d0) thrown at [./src/hotspot/share/prims/jni.cpp, line 615]
Event: 1126.514 Thread 0x0000020f40944000 Exception <a 'sun/nio/fs/WindowsException'{0x00000000922f3c50}> (0x00000000922f3c50) thrown at [./src/hotspot/share/prims/jni.cpp, line 615]
Event: 1127.144 Thread 0x0000020f40944000 Exception <a 'sun/nio/fs/WindowsException'{0x000000008ff92640}> (0x000000008ff92640) thrown at [./src/hotspot/share/prims/jni.cpp, line 615]

Events (20 events):
Event: 1125.385 Thread 0x0000020f3dfdd000 flushing nmethod 0x0000020f2ae22e10
Event: 1125.385 Thread 0x0000020f3dfdd000 flushing nmethod 0x0000020f2ae3a410
Event: 1125.385 Thread 0x0000020f3dfdd000 flushing nmethod 0x0000020f2ae4ec90
Event: 1125.385 Thread 0x0000020f3dfdd000 flushing nmethod 0x0000020f2ae66e10
Event: 1125.385 Thread 0x0000020f3dfdd000 flushing nmethod 0x0000020f2ae71e90
Event: 1125.385 Thread 0x0000020f3dfdd000 flushing nmethod 0x0000020f2ae8be90
Event: 1125.386 Thread 0x0000020f3dfdd000 flushing nmethod 0x0000020f2ae9d210
Event: 1125.386 Thread 0x0000020f3dfdd000 flushing nmethod 0x0000020f2ae9ee10
Event: 1125.386 Thread 0x0000020f3dfdd000 flushing nmethod 0x0000020f2aee2510
Event: 1125.386 Thread 0x0000020f3dfdd000 flushing nmethod 0x0000020f2af50590
Event: 1125.386 Thread 0x0000020f3dfdd000 flushing nmethod 0x0000020f2af65990
Event: 1125.386 Thread 0x0000020f3dfdd000 flushing nmethod 0x0000020f2af6be90
Event: 1125.387 Thread 0x0000020f3dfdd000 flushing nmethod 0x0000020f2af92790
Event: 1125.389 Thread 0x0000020f3dfdd000 flushing nmethod 0x0000020f2b1ce790
Event: 1125.389 Thread 0x0000020f3dfdd000 flushing nmethod 0x0000020f2b21f490
Event: 1127.690 Executing VM operation: G1CollectForAllocation
Event: 1127.775 Executing VM operation: G1CollectForAllocation done
Event: 1129.654 Executing VM operation: G1CollectForAllocation
Event: 1129.751 Executing VM operation: G1CollectForAllocation done
Event: 1131.350 Executing VM operation: G1CollectForAllocation


Dynamic libraries:
0x00007ff6d2470000 - 0x00007ff6d247a000 	C:\Program Files\Android\Android Studio\jre\bin\java.exe
0x00007ffb233a0000 - 0x00007ffb235a9000 	C:\Windows\SYSTEM32\ntdll.dll
0x00007ffb21ed0000 - 0x00007ffb21f8d000 	C:\Windows\System32\KERNEL32.DLL
0x00007ffb20aa0000 - 0x00007ffb20e14000 	C:\Windows\System32\KERNELBASE.dll
0x00007ffb20890000 - 0x00007ffb209a1000 	C:\Windows\System32\ucrtbase.dll
0x00007ffb0b900000 - 0x00007ffb0b919000 	C:\Program Files\Android\Android Studio\jre\bin\jli.dll
0x00007ffb229a0000 - 0x00007ffb22b4c000 	C:\Windows\System32\USER32.dll
0x00007ffb21210000 - 0x00007ffb21236000 	C:\Windows\System32\win32u.dll
0x00007ffb21b30000 - 0x00007ffb21b59000 	C:\Windows\System32\GDI32.dll
0x00007ffb21050000 - 0x00007ffb21162000 	C:\Windows\System32\gdi32full.dll
0x00007ffb05980000 - 0x00007ffb05997000 	C:\Program Files\Android\Android Studio\jre\bin\VCRUNTIME140.dll
0x00007ffb21170000 - 0x00007ffb2120d000 	C:\Windows\System32\msvcp_win.dll
0x00007ffb16580000 - 0x00007ffb16825000 	C:\Windows\WinSxS\amd64_microsoft.windows.common-controls_6595b64144ccf1df_6.0.22000.120_none_9d947278b86cc467\COMCTL32.dll
0x00007ffb214d0000 - 0x00007ffb21573000 	C:\Windows\System32\msvcrt.dll
0x00007ffb22530000 - 0x00007ffb22561000 	C:\Windows\System32\IMM32.DLL
0x00007ffaef690000 - 0x00007ffaef72d000 	C:\Program Files\Android\Android Studio\jre\bin\msvcp140.dll
0x00007ffaeb7f0000 - 0x00007ffaec2bf000 	C:\Program Files\Android\Android Studio\jre\bin\server\jvm.dll
0x00007ffb22570000 - 0x00007ffb2261e000 	C:\Windows\System32\ADVAPI32.dll
0x00007ffb22130000 - 0x00007ffb221ce000 	C:\Windows\System32\sechost.dll
0x00007ffb212d0000 - 0x00007ffb213f0000 	C:\Windows\System32\RPCRT4.dll
0x00007ffb212c0000 - 0x00007ffb212c8000 	C:\Windows\System32\PSAPI.DLL
0x00007ffb065e0000 - 0x00007ffb065e9000 	C:\Windows\SYSTEM32\WSOCK32.dll
0x00007ffb1b700000 - 0x00007ffb1b733000 	C:\Windows\SYSTEM32\WINMM.dll
0x00007ffb16e00000 - 0x00007ffb16e0a000 	C:\Windows\SYSTEM32\VERSION.dll
0x00007ffb213f0000 - 0x00007ffb2145f000 	C:\Windows\System32\WS2_32.dll
0x00007ffb1e990000 - 0x00007ffb1e9a8000 	C:\Windows\SYSTEM32\kernel.appcore.dll
0x00007ffaf6350000 - 0x00007ffaf6361000 	C:\Program Files\Android\Android Studio\jre\bin\verify.dll
0x00007ffb0f300000 - 0x00007ffb0f521000 	C:\Windows\SYSTEM32\DBGHELP.DLL
0x00007ffb0eb60000 - 0x00007ffb0eb91000 	C:\Windows\SYSTEM32\dbgcore.DLL
0x00007ffb20a20000 - 0x00007ffb20a9f000 	C:\Windows\System32\bcryptPrimitives.dll
0x00007ffaef870000 - 0x00007ffaef899000 	C:\Program Files\Android\Android Studio\jre\bin\java.dll
0x00007ffb04070000 - 0x00007ffb0407b000 	C:\Program Files\Android\Android Studio\jre\bin\jimage.dll
0x00007ffaf0310000 - 0x00007ffaf0328000 	C:\Program Files\Android\Android Studio\jre\bin\zip.dll
0x00007ffb22b50000 - 0x00007ffb232fe000 	C:\Windows\System32\SHELL32.dll
0x00007ffb1eb20000 - 0x00007ffb1f387000 	C:\Windows\SYSTEM32\windows.storage.dll
0x00007ffb22620000 - 0x00007ffb22998000 	C:\Windows\System32\combase.dll
0x00007ffb1e9b0000 - 0x00007ffb1eb16000 	C:\Windows\SYSTEM32\wintypes.dll
0x00007ffb21de0000 - 0x00007ffb21eca000 	C:\Windows\System32\SHCORE.dll
0x00007ffb23300000 - 0x00007ffb2335d000 	C:\Windows\System32\shlwapi.dll
0x00007ffb207c0000 - 0x00007ffb207e1000 	C:\Windows\SYSTEM32\profapi.dll
0x00007ffaef740000 - 0x00007ffaef75a000 	C:\Program Files\Android\Android Studio\jre\bin\net.dll
0x00007ffb18b20000 - 0x00007ffb18c2c000 	C:\Windows\SYSTEM32\WINHTTP.dll
0x00007ffb1feb0000 - 0x00007ffb1ff17000 	C:\Windows\system32\mswsock.dll
0x00007ffaef130000 - 0x00007ffaef144000 	C:\Program Files\Android\Android Studio\jre\bin\nio.dll
0x00007ffaf6670000 - 0x00007ffaf6697000 	C:\Users\Admin\.gradle\native\8bec1ad78214c89d9ad589b4d07fe93259594b29d510b10fafb7a158f7737e5d\windows-amd64\native-platform.dll
0x00007ffaefce0000 - 0x00007ffaefe1d000 	C:\Users\Admin\.gradle\native\53dbd7edfb1c66fb8903c78663c9afc45aea4f116125fa6feffd364cf09443e8\windows-amd64\native-platform-file-events.dll
0x00007ffb03810000 - 0x00007ffb0381a000 	C:\Program Files\Android\Android Studio\jre\bin\management.dll
0x00007ffaef730000 - 0x00007ffaef73c000 	C:\Program Files\Android\Android Studio\jre\bin\management_ext.dll
0x00007ffb20100000 - 0x00007ffb20118000 	C:\Windows\SYSTEM32\CRYPTSP.dll
0x00007ffb1fa80000 - 0x00007ffb1fab5000 	C:\Windows\system32\rsaenh.dll
0x00007ffb1ffa0000 - 0x00007ffb1ffc9000 	C:\Windows\SYSTEM32\USERENV.dll
0x00007ffb20270000 - 0x00007ffb20297000 	C:\Windows\SYSTEM32\bcrypt.dll
0x00007ffb200f0000 - 0x00007ffb200fc000 	C:\Windows\SYSTEM32\CRYPTBASE.dll
0x00007ffb1f5e0000 - 0x00007ffb1f60d000 	C:\Windows\SYSTEM32\IPHLPAPI.DLL
0x00007ffb21590000 - 0x00007ffb21599000 	C:\Windows\System32\NSI.dll
0x00007ffb18a10000 - 0x00007ffb18a29000 	C:\Windows\SYSTEM32\dhcpcsvc6.DLL
0x00007ffb19ac0000 - 0x00007ffb19ade000 	C:\Windows\SYSTEM32\dhcpcsvc.DLL
0x00007ffb1f650000 - 0x00007ffb1f737000 	C:\Windows\SYSTEM32\DNSAPI.dll
0x00007ffaedf00000 - 0x00007ffaedf27000 	C:\Program Files\Android\Android Studio\jre\bin\sunec.dll
0x00007ffb10e40000 - 0x00007ffb10e4a000 	C:\Windows\System32\rasadhlp.dll
0x00007ffb15e20000 - 0x00007ffb15ea1000 	C:\Windows\System32\fwpuclnt.dll
0x00007ffb1df40000 - 0x00007ffb1dfd1000 	C:\Windows\system32\apphelp.dll

dbghelp: loaded successfully - version: 4.0.5 - missing functions: none
symbol engine: initialized successfully - sym options: 0x614 - pdb path: .;C:\Program Files\Android\Android Studio\jre\bin;C:\Windows\SYSTEM32;C:\Windows\WinSxS\amd64_microsoft.windows.common-controls_6595b64144ccf1df_6.0.22000.120_none_9d947278b86cc467;C:\Program Files\Android\Android Studio\jre\bin\server;C:\Users\Admin\.gradle\native\8bec1ad78214c89d9ad589b4d07fe93259594b29d510b10fafb7a158f7737e5d\windows-amd64;C:\Users\Admin\.gradle\native\53dbd7edfb1c66fb8903c78663c9afc45aea4f116125fa6feffd364cf09443e8\windows-amd64

VM Arguments:
jvm_args: --add-opens=java.base/java.util=ALL-UNNAMED --add-opens=java.base/java.lang=ALL-UNNAMED --add-opens=java.base/java.lang.invoke=ALL-UNNAMED --add-opens=java.base/java.util=ALL-UNNAMED --add-opens=java.prefs/java.util.prefs=ALL-UNNAMED --add-opens=java.prefs/java.util.prefs=ALL-UNNAMED --add-opens=java.base/java.nio.charset=ALL-UNNAMED --add-opens=java.base/java.net=ALL-UNNAMED --add-opens=java.base/java.util.concurrent.atomic=ALL-UNNAMED -Xmx2048m -Dfile.encoding=UTF-8 -Duser.country=US -Duser.language=en -Duser.variant 
java_command: org.gradle.launcher.daemon.bootstrap.GradleDaemon 7.0.2
java_class_path (initial): C:\Users\Admin\.gradle\wrapper\dists\gradle-7.0.2-bin\857tjihv64xamwrf0h14cai3r\gradle-7.0.2\lib\gradle-launcher-7.0.2.jar
Launcher Type: SUN_STANDARD

[Global flags]
     intx CICompilerCount                          = 2                                         {product} {ergonomic}
     uint ConcGCThreads                            = 1                                         {product} {ergonomic}
     uint G1ConcRefinementThreads                  = 2                                         {product} {ergonomic}
   size_t G1HeapRegionSize                         = 1048576                                   {product} {ergonomic}
    uintx GCDrainStackTargetSize                   = 64                                        {product} {ergonomic}
   size_t InitialHeapSize                          = 132120576                                 {product} {ergonomic}
   size_t MarkStackSize                            = 4194304                                   {product} {ergonomic}
   size_t MaxHeapSize                              = 2147483648                                {product} {command line}
   size_t MaxNewSize                               = 1287651328                                {product} {ergonomic}
   size_t MinHeapDeltaBytes                        = 1048576                                   {product} {ergonomic}
    uintx NonNMethodCodeHeapSize                   = 5825164                                {pd product} {ergonomic}
    uintx NonProfiledCodeHeapSize                  = 122916538                              {pd product} {ergonomic}
    uintx ProfiledCodeHeapSize                     = 122916538                              {pd product} {ergonomic}
    uintx ReservedCodeCacheSize                    = 251658240                              {pd product} {ergonomic}
     bool SegmentedCodeCache                       = true                                      {product} {ergonomic}
     bool UseCompressedClassPointers               = true                                 {lp64_product} {ergonomic}
     bool UseCompressedOops                        = true                                 {lp64_product} {ergonomic}
     bool UseG1GC                                  = true                                      {product} {ergonomic}
     bool UseLargePagesIndividualAllocation        = false                                  {pd product} {ergonomic}

Logging:
Log output configuration:
 #0: stdout all=warning uptime,level,tags
 #1: stderr all=off uptime,level,tags

Environment Variables:
PATH=C:\Program Files (x86)\NVIDIA Corporation\PhysX\Common;C:\Windows\system32;C:\Windows;C:\Windows\System32\Wbem;C:\Windows\System32\WindowsPowerShell\v1.0\;C:\Windows\System32\OpenSSH\;C:\xampp\php;C:\ProgramData\ComposerSetup\bin;C:\Program Files\Git\cmd;C:\Program Files (x86)\GtkSharp\2.12\bin;C:\Users\Admin\AppData\Local\Programs\Python\Python38\Scripts\;C:\Users\Admin\AppData\Local\Programs\Python\Python38\;C:\Users\Admin\AppData\Local\Microsoft\WindowsApps;;C:\Users\Admin\AppData\Local\Programs\Microsoft VS Code\bin;C:\Users\Admin\AppData\Roaming\Composer\vendor\bin
USERNAME=Admin
OS=Windows_NT
PROCESSOR_IDENTIFIER=Intel64 Family 6 Model 37 Stepping 5, GenuineIntel



---------------  S Y S T E M  ---------------

OS: Windows 10 , 64 bit Build 22000 (10.0.22000.434)
OS uptime: 0 days 2:55 hours

CPU:total 2 (initial active 2) (2 cores per cpu, 1 threads per core) family 6 model 37 stepping 5 microcode 0x7, cmov, cx8, fxsr, mmx, sse, sse2, sse3, ssse3, popcnt, tsc, tscinvbit

Memory: 4k page, system-wide physical 8054M (797M free)
TotalPageFile size 8054M (AvailPageFile size 47M)
current process WorkingSet (physical memory assigned to process): 773M, peak: 778M
current process commit charge ("private bytes"): 804M, peak: 913M

vm_info: OpenJDK 64-Bit Server VM (11.0.10+0-b96-7249189) for windows-amd64 JRE (11.0.10+0-b96-7249189), built on Mar 31 2021 21:44:00 by "builder" with MS VC++ 14.0 (VS2015)

END.
